2021-09-01 14:54:41.974+0000 WARN  [o.n.k.i.JvmChecker] You are using an unsupported version of the Java runtime. Please use Oracle(R) Java(TM) Runtime Environment 7 or 8 or OpenJDK(TM) 7 or 8.
2021-09-01 14:54:42.100+0000 INFO  [o.n.k.i.f.CommunityFacadeFactory] No locking implementation specified, defaulting to 'community'
2021-09-01 14:54:42.211+0000 INFO  [o.n.k.AvailabilityGuard] Requirement makes database unavailable: Database available
2021-09-01 14:54:42.234+0000 INFO  [o.n.k.i.DiagnosticsManager] --- INITIALIZED diagnostics START ---
2021-09-01 14:54:42.234+0000 INFO  [o.n.k.i.DiagnosticsManager] Neo4j Kernel properties:
2021-09-01 14:54:42.235+0000 INFO  [o.n.k.i.DiagnosticsManager] ephemeral=false
2021-09-01 14:54:42.235+0000 INFO  [o.n.k.i.DiagnosticsManager] edition=Community
2021-09-01 14:54:42.235+0000 INFO  [o.n.k.i.DiagnosticsManager] Diagnostics providers:
2021-09-01 14:54:42.235+0000 INFO  [o.n.k.i.DiagnosticsManager] org.neo4j.kernel.configuration.Config
2021-09-01 14:54:42.235+0000 INFO  [o.n.k.i.DiagnosticsManager] org.neo4j.kernel.info.DiagnosticsManager
2021-09-01 14:54:42.235+0000 INFO  [o.n.k.i.DiagnosticsManager] SYSTEM_MEMORY
2021-09-01 14:54:42.235+0000 INFO  [o.n.k.i.DiagnosticsManager] JAVA_MEMORY
2021-09-01 14:54:42.235+0000 INFO  [o.n.k.i.DiagnosticsManager] OPERATING_SYSTEM
2021-09-01 14:54:42.235+0000 INFO  [o.n.k.i.DiagnosticsManager] JAVA_VIRTUAL_MACHINE
2021-09-01 14:54:42.235+0000 INFO  [o.n.k.i.DiagnosticsManager] CLASSPATH
2021-09-01 14:54:42.235+0000 INFO  [o.n.k.i.DiagnosticsManager] LIBRARY_PATH
2021-09-01 14:54:42.235+0000 INFO  [o.n.k.i.DiagnosticsManager] SYSTEM_PROPERTIES
2021-09-01 14:54:42.235+0000 INFO  [o.n.k.i.DiagnosticsManager] NETWORK
2021-09-01 14:54:42.235+0000 INFO  [o.n.k.i.DiagnosticsManager] System memory information:
2021-09-01 14:54:42.240+0000 INFO  [o.n.k.i.DiagnosticsManager] Total Physical memory: 16.00 GB
2021-09-01 14:54:42.241+0000 INFO  [o.n.k.i.DiagnosticsManager] Free Physical memory: 186.44 MB
2021-09-01 14:54:42.242+0000 INFO  [o.n.k.i.DiagnosticsManager] Committed virtual memory: 6.40 GB
2021-09-01 14:54:42.243+0000 INFO  [o.n.k.i.DiagnosticsManager] Total swap space: 4.00 GB
2021-09-01 14:54:42.244+0000 INFO  [o.n.k.i.DiagnosticsManager] Free swap space: 1.52 GB
2021-09-01 14:54:42.244+0000 INFO  [o.n.k.i.DiagnosticsManager] JVM memory information:
2021-09-01 14:54:42.244+0000 INFO  [o.n.k.i.DiagnosticsManager] Free  memory: 121.54 MB
2021-09-01 14:54:42.244+0000 INFO  [o.n.k.i.DiagnosticsManager] Total memory: 256.00 MB
2021-09-01 14:54:42.244+0000 INFO  [o.n.k.i.DiagnosticsManager] Max   memory: 512.00 MB
2021-09-01 14:54:42.248+0000 INFO  [o.n.k.i.DiagnosticsManager] Garbage Collector: G1 Young Generation: [G1 Eden Space, G1 Survivor Space, G1 Old Gen]
2021-09-01 14:54:42.249+0000 INFO  [o.n.k.i.DiagnosticsManager] Garbage Collector: G1 Old Generation: [G1 Eden Space, G1 Survivor Space, G1 Old Gen]
2021-09-01 14:54:42.251+0000 INFO  [o.n.k.i.DiagnosticsManager] Memory Pool: CodeHeap 'non-nmethods' (Non-heap memory): committed=2.44 MB, used=2.22 MB, max=7.25 MB, threshold=0.00 B
2021-09-01 14:54:42.251+0000 INFO  [o.n.k.i.DiagnosticsManager] Memory Pool: Metaspace (Non-heap memory): committed=26.38 MB, used=25.56 MB, max=-1.00 B, threshold=0.00 B
2021-09-01 14:54:42.251+0000 INFO  [o.n.k.i.DiagnosticsManager] Memory Pool: CodeHeap 'profiled nmethods' (Non-heap memory): committed=5.69 MB, used=5.65 MB, max=116.38 MB, threshold=0.00 B
2021-09-01 14:54:42.267+0000 INFO  [o.n.k.i.DiagnosticsManager] Memory Pool: Compressed Class Space (Non-heap memory): committed=3.13 MB, used=2.81 MB, max=1.00 GB, threshold=0.00 B
2021-09-01 14:54:42.268+0000 INFO  [o.n.k.i.DiagnosticsManager] Memory Pool: G1 Eden Space (Heap memory): committed=132.00 MB, used=0.00 B, max=-1.00 B, threshold=?
2021-09-01 14:54:42.268+0000 INFO  [o.n.k.i.DiagnosticsManager] Memory Pool: G1 Old Gen (Heap memory): committed=109.00 MB, used=23.08 MB, max=512.00 MB, threshold=0.00 B
2021-09-01 14:54:42.268+0000 INFO  [o.n.k.i.DiagnosticsManager] Memory Pool: G1 Survivor Space (Heap memory): committed=15.00 MB, used=15.00 MB, max=-1.00 B, threshold=?
2021-09-01 14:54:42.269+0000 INFO  [o.n.k.i.DiagnosticsManager] Memory Pool: CodeHeap 'non-profiled nmethods' (Non-heap memory): committed=2.44 MB, used=1.07 MB, max=116.38 MB, threshold=0.00 B
2021-09-01 14:54:42.269+0000 INFO  [o.n.k.i.DiagnosticsManager] Operating system information:
2021-09-01 14:54:42.271+0000 INFO  [o.n.k.i.DiagnosticsManager] Operating System: Mac OS X; version: 10.16; arch: x86_64; cpus: 16
2021-09-01 14:54:42.271+0000 INFO  [o.n.k.i.DiagnosticsManager] Max number of file descriptors: 10.00 kB
2021-09-01 14:54:42.272+0000 INFO  [o.n.k.i.DiagnosticsManager] Number of open file descriptors: 276.00 B
2021-09-01 14:54:42.277+0000 INFO  [o.n.k.i.DiagnosticsManager] Process id: 11191@darkfella.dhcp.nd.edu
2021-09-01 14:54:42.277+0000 INFO  [o.n.k.i.DiagnosticsManager] Byte order: LITTLE_ENDIAN
2021-09-01 14:54:42.277+0000 INFO  [o.n.k.i.DiagnosticsManager] Local timezone: America/Indiana/Indianapolis
2021-09-01 14:54:42.277+0000 INFO  [o.n.k.i.DiagnosticsManager] JVM information:
2021-09-01 14:54:42.277+0000 INFO  [o.n.k.i.DiagnosticsManager] VM Name: Java HotSpot(TM) 64-Bit Server VM
2021-09-01 14:54:42.277+0000 INFO  [o.n.k.i.DiagnosticsManager] VM Vendor: Oracle Corporation
2021-09-01 14:54:42.277+0000 INFO  [o.n.k.i.DiagnosticsManager] VM Version: 11.0.10+8-LTS-162
2021-09-01 14:54:42.278+0000 INFO  [o.n.k.i.DiagnosticsManager] JIT compiler: HotSpot 64-Bit Tiered Compilers
2021-09-01 14:54:42.278+0000 INFO  [o.n.k.i.DiagnosticsManager] VM Arguments: [-Dorg.gradle.native=false, -javaagent:build/tmp/expandedArchives/org.jacoco.agent-0.8.6.jar_a26f6511a7813217be4cd6439d66563b/jacocoagent.jar=destfile=build/jacoco/test.exec,append=true,inclnolocationclasses=false,dumponexit=true,output=file,jmx=false, -Xmx512m, -Dfile.encoding=UTF-8, -Duser.country=US, -Duser.language=en, -Duser.variant, -ea]
2021-09-01 14:54:42.278+0000 INFO  [o.n.k.i.DiagnosticsManager] Java classpath:
2021-09-01 14:54:42.294+0000 INFO  [o.n.k.i.DiagnosticsManager]  [classpath] /Users/albertorodriguez/.gradle/caches/modules-2/files-2.1/org.neo4j/neo4j-lucene-index/2.3.3/1e39df1f187cb9c9dcdbf90a40c25f1b69d86d8f/neo4j-lucene-index-2.3.3.jar
2021-09-01 14:54:42.295+0000 INFO  [o.n.k.i.DiagnosticsManager]  [classpath] /Users/albertorodriguez/.gradle/caches/modules-2/files-2.1/org.neo4j/neo4j-cypher-compiler-1.9_2.11/2.0.5/4762c2e73ba32b8e2baa187e69f9375f688b39f1/neo4j-cypher-compiler-1.9_2.11-2.0.5.jar
2021-09-01 14:54:42.295+0000 INFO  [o.n.k.i.DiagnosticsManager]  [classpath] /Users/albertorodriguez/.gradle/caches/modules-2/files-2.1/org.springframework/spring-webmvc/5.3.9/c3cd1f0bba2658995e887d2f0011ab9bd3da1773/spring-webmvc-5.3.9.jar
2021-09-01 14:54:42.295+0000 INFO  [o.n.k.i.DiagnosticsManager]  [classpath] /Users/albertorodriguez/.gradle/caches/modules-2/files-2.1/org.objenesis/objenesis/3.2/7fadf57620c8b8abdf7519533e5527367cb51f09/objenesis-3.2.jar
2021-09-01 14:54:42.295+0000 INFO  [o.n.k.i.DiagnosticsManager]  [classpath] /Users/albertorodriguez/.gradle/caches/modules-2/files-2.1/org.yaml/snakeyaml/1.28/7cae037c3014350c923776548e71c9feb7a69259/snakeyaml-1.28.jar
2021-09-01 14:54:42.295+0000 INFO  [o.n.k.i.DiagnosticsManager]  [classpath] /Users/albertorodriguez/.gradle/caches/modules-2/files-2.1/org.junit.jupiter/junit-jupiter-api/5.8.0-M1/6d6a0e5ee7373eaebba6a7357c36a468e490b47b/junit-jupiter-api-5.8.0-M1.jar
2021-09-01 14:54:42.295+0000 INFO  [o.n.k.i.DiagnosticsManager]  [classpath] /Users/albertorodriguez/.gradle/caches/modules-2/files-2.1/org.codehaus.jackson/jackson-mapper-asl/1.9.13/1ee2f2bed0e5dd29d1cb155a166e6f8d50bbddb7/jackson-mapper-asl-1.9.13.jar
2021-09-01 14:54:42.295+0000 INFO  [o.n.k.i.DiagnosticsManager]  [classpath] /Users/albertorodriguez/.gradle/caches/modules-2/files-2.1/org.neo4j/neo4j-logging/2.3.3/2c587a7186d0d1b57f074a9e5597606de8dadede/neo4j-logging-2.3.3.jar
2021-09-01 14:54:42.295+0000 INFO  [o.n.k.i.DiagnosticsManager]  [classpath] /Users/albertorodriguez/.gradle/caches/modules-2/files-2.1/org.aspectj/aspectjweaver/1.9.7/158f5c255cd3e4408e795b79f7c3fbae9b53b7ca/aspectjweaver-1.9.7.jar
2021-09-01 14:54:42.295+0000 INFO  [o.n.k.i.DiagnosticsManager]  [classpath] /Users/albertorodriguez/.gradle/caches/modules-2/files-2.1/com.sun.jersey/jersey-client/1.19/6836ee36dba2b3ac1d0ff4733129fba8aba7f963/jersey-client-1.19.jar
2021-09-01 14:54:42.295+0000 INFO  [o.n.k.i.DiagnosticsManager]  [classpath] /Users/albertorodriguez/.gradle/caches/modules-2/files-2.1/com.google.errorprone/error_prone_annotations/2.5.1/562d366678b89ce5d6b6b82c1a073880341e3fba/error_prone_annotations-2.5.1.jar
2021-09-01 14:54:42.295+0000 INFO  [o.n.k.i.DiagnosticsManager]  [classpath] /Users/albertorodriguez/.gradle/caches/modules-2/files-2.1/com.lordofthejars/nosqlunit-neo4j/1.0.0/ed67912c9968ea2161e27e3f40cb2e4581eb4a74/nosqlunit-neo4j-1.0.0.jar
2021-09-01 14:54:42.295+0000 INFO  [o.n.k.i.DiagnosticsManager]  [classpath] /Users/albertorodriguez/.gradle/caches/modules-2/files-2.1/org.neo4j/neo4j-kernel/2.3.3/a196dfbec848ce7671e2d02bc6d7dbc6264e3e80/neo4j-kernel-2.3.3-tests.jar
2021-09-01 14:54:42.295+0000 INFO  [o.n.k.i.DiagnosticsManager]  [classpath] /Users/albertorodriguez/.gradle/caches/modules-2/files-2.1/org.springframework/spring-expression/5.3.9/f5ca763cfb9d62d196efd5d25e8daca7d555ed75/spring-expression-5.3.9.jar
2021-09-01 14:54:42.295+0000 INFO  [o.n.k.i.DiagnosticsManager]  [classpath] /Users/albertorodriguez/.gradle/caches/modules-2/files-2.1/org.springframework.data/spring-data-jpa/2.5.3/41db71033651f476fbc62a485387a4e891ec9940/spring-data-jpa-2.5.3.jar
2021-09-01 14:54:42.295+0000 INFO  [o.n.k.i.DiagnosticsManager]  [classpath] /Users/albertorodriguez/.gradle/caches/modules-2/files-2.1/org.springframework/spring-jcl/5.3.9/622eb12c98768b6d3acc71ce06bac8b332607a10/spring-jcl-5.3.9.jar
2021-09-01 14:54:42.295+0000 INFO  [o.n.k.i.DiagnosticsManager]  [classpath] /Users/albertorodriguez/.gradle/caches/modules-2/files-2.1/org.ow2.asm/asm-commons/9.1/8b971b182eb5cf100b9e8d4119152d83e00e0fdd/asm-commons-9.1.jar
2021-09-01 14:54:42.295+0000 INFO  [o.n.k.i.DiagnosticsManager]  [classpath] /Users/albertorodriguez/.gradle/caches/modules-2/files-2.1/org.neo4j/neo4j/2.3.3/282f45cfca1fa45d290a913dd768c1cff202d448/neo4j-2.3.3.jar
2021-09-01 14:54:42.295+0000 INFO  [o.n.k.i.DiagnosticsManager]  [classpath] /Users/albertorodriguez/.gradle/caches/modules-2/files-2.1/jakarta.xml.bind/jakarta.xml.bind-api/2.3.3/48e3b9cfc10752fba3521d6511f4165bea951801/jakarta.xml.bind-api-2.3.3.jar
2021-09-01 14:54:42.295+0000 INFO  [o.n.k.i.DiagnosticsManager]  [classpath] /Users/albertorodriguez/.gradle/caches/modules-2/files-2.1/org.springframework.boot/spring-boot-autoconfigure/2.5.3/f03d7e9102d93ab25110da850be9facf11818a0b/spring-boot-autoconfigure-2.5.3.jar
2021-09-01 14:54:42.295+0000 INFO  [o.n.k.i.DiagnosticsManager]  [classpath] /Users/albertorodriguez/.gradle/caches/modules-2/files-2.1/antlr/antlr/2.7.7/83cd2cd674a217ade95a4bb83a8a14f351f48bd0/antlr-2.7.7.jar
2021-09-01 14:54:42.296+0000 INFO  [o.n.k.i.DiagnosticsManager]  [classpath] /Users/albertorodriguez/.gradle/caches/modules-2/files-2.1/javax.persistence/javax.persistence-api/2.2/25665ac8c0b62f50e6488173233239120fc52c96/javax.persistence-api-2.2.jar
2021-09-01 14:54:42.296+0000 INFO  [o.n.k.i.DiagnosticsManager]  [classpath] /Users/albertorodriguez/.gradle/caches/modules-2/files-2.1/org.junit.vintage/junit-vintage-engine/5.7.2/ec1f9f43b91d7c312ca0735ac47ea95b95a9cd09/junit-vintage-engine-5.7.2.jar
2021-09-01 14:54:42.296+0000 INFO  [o.n.k.i.DiagnosticsManager]  [classpath] /Users/albertorodriguez/.gradle/caches/modules-2/files-2.1/org.eclipse.jetty/jetty-servlet/9.4.43.v20210629/ee000c7dcdbe7b4ef94e3fa67be8f56a46915944/jetty-servlet-9.4.43.v20210629.jar
2021-09-01 14:54:42.296+0000 INFO  [o.n.k.i.DiagnosticsManager]  [classpath] /Users/albertorodriguez/.gradle/caches/modules-2/files-2.1/org.eclipse.jetty/jetty-io/9.4.43.v20210629/acf672c64ac21851069c5b5b789e5c185a25933f/jetty-io-9.4.43.v20210629.jar
2021-09-01 14:54:42.296+0000 INFO  [o.n.k.i.DiagnosticsManager]  [classpath] /Users/albertorodriguez/.gradle/caches/modules-2/files-2.1/commons-lang/commons-lang/2.6/ce1edb914c94ebc388f086c6827e8bdeec71ac2/commons-lang-2.6.jar
2021-09-01 14:54:42.296+0000 INFO  [o.n.k.i.DiagnosticsManager]  [classpath] /Users/albertorodriguez/.gradle/caches/modules-2/files-2.1/org.neo4j.app/neo4j-browser/2.3.3/bb9d3f46eb9bccce534b2d7217f5800bcaf6f8d4/neo4j-browser-2.3.3.jar
2021-09-01 14:54:42.296+0000 INFO  [o.n.k.i.DiagnosticsManager]  [classpath] /Users/albertorodriguez/.gradle/caches/modules-2/files-2.1/jline/jline/2.12/ce9062c6a125e0f9ad766032573c041ae8ecc986/jline-2.12.jar
2021-09-01 14:54:42.296+0000 INFO  [o.n.k.i.DiagnosticsManager]  [classpath] /Users/albertorodriguez/.gradle/caches/modules-2/files-2.1/net.bytebuddy/byte-buddy/1.10.22/ef45d7e2cd1c600d279704f492ed5ce2ceb6cdb5/byte-buddy-1.10.22.jar
2021-09-01 14:54:42.296+0000 INFO  [o.n.k.i.DiagnosticsManager]  [classpath] /Users/albertorodriguez/.gradle/caches/modules-2/files-2.1/org.codehaus.janino/janino/3.1.4/8e03cd83c0b0635c0e0a8e002078a44378af74b0/janino-3.1.4.jar
2021-09-01 14:54:42.296+0000 INFO  [o.n.k.i.DiagnosticsManager]  [classpath] /Users/albertorodriguez/.gradle/caches/modules-2/files-2.1/com.sun.jersey/jersey-servlet/1.19/2f19f1f7096d0fe3e09ae5698e4427114c23ad03/jersey-servlet-1.19.jar
2021-09-01 14:54:42.296+0000 INFO  [o.n.k.i.DiagnosticsManager]  [classpath] /Users/albertorodriguez/.gradle/caches/modules-2/files-2.1/org.junit.jupiter/junit-jupiter-engine/5.7.2/9415680a889f00b8205a094c5c487bc69dc7077d/junit-jupiter-engine-5.7.2.jar
2021-09-01 14:54:42.296+0000 INFO  [o.n.k.i.DiagnosticsManager]  [classpath] /Users/albertorodriguez/.gradle/caches/modules-2/files-2.1/com.fasterxml.jackson.module/jackson-module-parameter-names/2.12.4/87c4e9a3302f0fafe4e5587f9c27d22847d8fe00/jackson-module-parameter-names-2.12.4.jar
2021-09-01 14:54:42.296+0000 INFO  [o.n.k.i.DiagnosticsManager]  [classpath] /Users/albertorodriguez/.gradle/caches/modules-2/files-2.1/com.sun.jersey.contribs/jersey-multipart/1.19/d94f3da447200adf1422de7fed2ca3c544eb2714/jersey-multipart-1.19.jar
2021-09-01 14:54:42.296+0000 INFO  [o.n.k.i.DiagnosticsManager]  [classpath] /Users/albertorodriguez/.gradle/caches/modules-2/files-2.1/jakarta.activation/jakarta.activation-api/1.2.2/99f53adba383cb1bf7c3862844488574b559621f/jakarta.activation-api-1.2.2.jar
2021-09-01 14:54:42.296+0000 INFO  [o.n.k.i.DiagnosticsManager]  [classpath] /Users/albertorodriguez/.gradle/caches/modules-2/files-2.1/com.fasterxml.jackson.core/jackson-core/2.12.4/6a1bd259b6c4e3f9219ec8ec0be55ed11eed0c/jackson-core-2.12.4.jar
2021-09-01 14:54:42.296+0000 INFO  [o.n.k.i.DiagnosticsManager]  [classpath] /Users/albertorodriguez/.gradle/caches/modules-2/files-2.1/org.skyscreamer/jsonassert/1.5.0/6c9d5fe2f59da598d9aefc1cfc6528ff3cf32df3/jsonassert-1.5.0.jar
2021-09-01 14:54:42.296+0000 INFO  [o.n.k.i.DiagnosticsManager]  [classpath] /Users/albertorodriguez/.gradle/caches/modules-2/files-2.1/org.ow2.asm/asm-analysis/9.2/7487dd756daf96cab9986e44b9d7bcb796a61c10/asm-analysis-9.2.jar
2021-09-01 14:54:42.296+0000 INFO  [o.n.k.i.DiagnosticsManager]  [classpath] /Users/albertorodriguez/.gradle/caches/modules-2/files-2.1/org.eclipse.jetty/jetty-xml/9.4.43.v20210629/f06c27f4855785847c299d94591a7ac324fb32f1/jetty-xml-9.4.43.v20210629.jar
2021-09-01 14:54:42.296+0000 INFO  [o.n.k.i.DiagnosticsManager]  [classpath] /Users/albertorodriguez/.gradle/caches/modules-2/files-2.1/org.xmlunit/xmlunit-core/2.8.2/8e4e46b87afaaf9b6cfb8de778e473cf7aeb087f/xmlunit-core-2.8.2.jar
2021-09-01 14:54:42.296+0000 INFO  [o.n.k.i.DiagnosticsManager]  [classpath] /Users/albertorodriguez/.gradle/caches/modules-2/files-2.1/commons-codec/commons-codec/1.15/49d94806b6e3dc933dacbd8acb0fdbab8ebd1e5d/commons-codec-1.15.jar
2021-09-01 14:54:42.296+0000 INFO  [o.n.k.i.DiagnosticsManager]  [classpath] /Users/albertorodriguez/.gradle/caches/modules-2/files-2.1/com.github.jnr/jnr-x86asm/1.0.2/6936bbd6c5b235665d87bd450f5e13b52d4b48/jnr-x86asm-1.0.2.jar
2021-09-01 14:54:42.296+0000 INFO  [o.n.k.i.DiagnosticsManager]  [classpath] /Users/albertorodriguez/.gradle/caches/modules-2/files-2.1/com.google.oauth-client/google-oauth-client/1.31.5/a468e6b6d3d7de8310c3c9f4eb7cbb4eabde4404/google-oauth-client-1.31.5.jar
2021-09-01 14:54:42.296+0000 INFO  [o.n.k.i.DiagnosticsManager]  [classpath] /Users/albertorodriguez/.gradle/caches/modules-2/files-2.1/org.springframework/spring-jdbc/5.3.9/18efdbd53c154a08e1854a6cff29c2becea04025/spring-jdbc-5.3.9.jar
2021-09-01 14:54:42.296+0000 INFO  [o.n.k.i.DiagnosticsManager]  [classpath] /Users/albertorodriguez/.gradle/caches/modules-2/files-2.1/com.google.http-client/google-http-client-apache-v2/1.39.2/aa58c06d8f5eb1db008771fb0473e5a36e41c45f/google-http-client-apache-v2-1.39.2.jar
2021-09-01 14:54:42.296+0000 INFO  [o.n.k.i.DiagnosticsManager]  [classpath] /Users/albertorodriguez/.gradle/caches/modules-2/files-2.1/com.google.j2objc/j2objc-annotations/1.3/ba035118bc8bac37d7eff77700720999acd9986d/j2objc-annotations-1.3.jar
2021-09-01 14:54:42.296+0000 INFO  [o.n.k.i.DiagnosticsManager]  [classpath] /Users/albertorodriguez/.gradle/caches/modules-2/files-2.1/javax.transaction/javax.transaction-api/1.3/e006adf5cf3cca2181d16bd640ecb80148ec0fce/javax.transaction-api-1.3.jar
2021-09-01 14:54:42.296+0000 INFO  [o.n.k.i.DiagnosticsManager]  [classpath] /Users/albertorodriguez/.gradle/caches/modules-2/files-2.1/org.eclipse.jetty/jetty-webapp/9.4.43.v20210629/a7d28284c66fb6ca71e98a82142b2debd6eeb454/jetty-webapp-9.4.43.v20210629.jar
2021-09-01 14:54:42.296+0000 INFO  [o.n.k.i.DiagnosticsManager]  [classpath] /Users/albertorodriguez/.gradle/caches/modules-2/files-2.1/com.h2database/h2/1.4.200/f7533fe7cb8e99c87a43d325a77b4b678ad9031a/h2-1.4.200.jar
2021-09-01 14:54:42.296+0000 INFO  [o.n.k.i.DiagnosticsManager]  [classpath] /Users/albertorodriguez/.gradle/caches/modules-2/files-2.1/org.springframework.boot/spring-boot-test-autoconfigure/2.5.3/57751a3e312da7db3226e24d1ba4a6b0d475de30/spring-boot-test-autoconfigure-2.5.3.jar
2021-09-01 14:54:42.296+0000 INFO  [o.n.k.i.DiagnosticsManager]  [classpath] /Users/albertorodriguez/.gradle/caches/modules-2/files-2.1/org.springframework.boot/spring-boot-starter-data-neo4j/2.5.3/23d5f3906e13b9204d87c2f40723d41e4285ebdd/spring-boot-starter-data-neo4j-2.5.3.jar
2021-09-01 14:54:42.296+0000 INFO  [o.n.k.i.DiagnosticsManager]  [classpath] /Users/albertorodriguez/.gradle/caches/modules-2/files-2.1/com.googlecode.concurrentlinkedhashmap/concurrentlinkedhashmap-lru/1.4.2/2eaf3d3c9746d526ff7e5b93931d482c3887e6ac/concurrentlinkedhashmap-lru-1.4.2.jar
2021-09-01 14:54:42.296+0000 INFO  [o.n.k.i.DiagnosticsManager]  [classpath] /Users/albertorodriguez/.gradle/caches/modules-2/files-2.1/org.codehaus.jackson/jackson-jaxrs/1.9.13/534d72d2b9d6199dd531dfb27083dd4844082bba/jackson-jaxrs-1.9.13.jar
2021-09-01 14:54:42.296+0000 INFO  [o.n.k.i.DiagnosticsManager]  [classpath] /Users/albertorodriguez/.gradle/caches/modules-2/files-2.1/com.google.cloud.sql/mysql-socket-factory-connector-j-8/1.3.1/2ec07eb6a9423c31989e1d042f103c85f9c82620/mysql-socket-factory-connector-j-8-1.3.1.jar
2021-09-01 14:54:42.296+0000 INFO  [o.n.k.i.DiagnosticsManager]  [classpath] /Users/albertorodriguez/.gradle/caches/modules-2/files-2.1/org.slf4j/jcl-over-slf4j/1.7.32/32c060250bcc5282cdbc1fd7008c12eb4ebad00e/jcl-over-slf4j-1.7.32.jar
2021-09-01 14:54:42.296+0000 INFO  [o.n.k.i.DiagnosticsManager]  [classpath] /Users/albertorodriguez/.gradle/caches/modules-2/files-2.1/javax.xml.bind/jaxb-api/2.3.1/8531ad5ac454cc2deb9d4d32c40c4d7451939b5d/jaxb-api-2.3.1.jar
2021-09-01 14:54:42.297+0000 INFO  [o.n.k.i.DiagnosticsManager]  [classpath] /Users/albertorodriguez/.gradle/caches/modules-2/files-2.1/org.springframework.boot/spring-boot-starter-json/2.5.3/10336b02e83756f916c0d9510555046cacfc2005/spring-boot-starter-json-2.5.3.jar
2021-09-01 14:54:42.297+0000 INFO  [o.n.k.i.DiagnosticsManager]  [classpath] /Users/albertorodriguez/.gradle/caches/modules-2/files-2.1/org.apache.logging.log4j/log4j-api/2.14.1/cd8858fbbde69f46bce8db1152c18a43328aae78/log4j-api-2.14.1.jar
2021-09-01 14:54:42.297+0000 INFO  [o.n.k.i.DiagnosticsManager]  [classpath] /Users/albertorodriguez/.gradle/caches/modules-2/files-2.1/org.springframework/spring-tx/5.3.9/a7057cf30368d014a1c8e5880a128703c890ec79/spring-tx-5.3.9.jar
2021-09-01 14:54:42.297+0000 INFO  [o.n.k.i.DiagnosticsManager]  [classpath] /Users/albertorodriguez/.gradle/caches/6.8.3/workerMain/gradle-worker.jar
2021-09-01 14:54:42.297+0000 INFO  [o.n.k.i.DiagnosticsManager]  [classpath] /Users/albertorodriguez/.gradle/caches/modules-2/files-2.1/com.fasterxml.jackson.datatype/jackson-datatype-jdk8/2.12.4/858a1e1b677cbafd3b100d5154f491a7051401c/jackson-datatype-jdk8-2.12.4.jar
2021-09-01 14:54:42.297+0000 INFO  [o.n.k.i.DiagnosticsManager]  [classpath] /Users/albertorodriguez/.gradle/caches/modules-2/files-2.1/com.google.auth/google-auth-library-oauth2-http/0.26.0/ea3e6869046df1e99abbf89b3417aac12f596743/google-auth-library-oauth2-http-0.26.0.jar
2021-09-01 14:54:42.297+0000 INFO  [o.n.k.i.DiagnosticsManager]  [classpath] /Users/albertorodriguez/.gradle/caches/modules-2/files-2.1/com.jayway.jsonpath/json-path/2.5.0/c35ef29095125b51638d19120f63e2b56eff20e9/json-path-2.5.0.jar
2021-09-01 14:54:42.297+0000 INFO  [o.n.k.i.DiagnosticsManager]  [classpath] /Users/albertorodriguez/.gradle/caches/modules-2/files-2.1/org.springframework.data/spring-data-commons/2.5.3/26d822ee2bff03fb82e68c8a61be92f4994c9b56/spring-data-commons-2.5.3.jar
2021-09-01 14:54:42.297+0000 INFO  [o.n.k.i.DiagnosticsManager]  [classpath] /Users/albertorodriguez/.gradle/caches/modules-2/files-2.1/org.neo4j/neo4j-cypher-compiler-2.3/2.3.3/fb6da34b2e2b44408a15eed6ecc60caf5c3d1e5/neo4j-cypher-compiler-2.3-2.3.3.jar
2021-09-01 14:54:42.297+0000 INFO  [o.n.k.i.DiagnosticsManager]  [classpath] /Users/albertorodriguez/.gradle/caches/modules-2/files-2.1/commons-io/commons-io/2.11.0/a2503f302b11ebde7ebc3df41daebe0e4eea3689/commons-io-2.11.0.jar
2021-09-01 14:54:42.297+0000 INFO  [o.n.k.i.DiagnosticsManager]  [classpath] /Users/albertorodriguez/.gradle/caches/modules-2/files-2.1/org.glassfish.jaxb/jaxb-runtime/2.3.4/5f3828d3a345ff3d8acb83f07ba04eccf59e15bb/jaxb-runtime-2.3.4.jar
2021-09-01 14:54:42.297+0000 INFO  [o.n.k.i.DiagnosticsManager]  [classpath] /Users/albertorodriguez/.gradle/caches/modules-2/files-2.1/org.parboiled/parboiled-core/1.1.7/a60ff9a54cbeb30ec44c89e16ac4c35913cbad5a/parboiled-core-1.1.7.jar
2021-09-01 14:54:42.297+0000 INFO  [o.n.k.i.DiagnosticsManager]  [classpath] /Users/albertorodriguez/.gradle/caches/modules-2/files-2.1/org.ow2.asm/asm-util/9.2/fbc178fc5ba3dab50fd7e8a5317b8b647c8e8946/asm-util-9.2.jar
2021-09-01 14:54:42.297+0000 INFO  [o.n.k.i.DiagnosticsManager]  [classpath] /Users/albertorodriguez/.gradle/caches/modules-2/files-2.1/org.neo4j/neo4j-graph-algo/2.3.3/a5dc0075c51563e5c82f442630efafa476d8a566/neo4j-graph-algo-2.3.3.jar
2021-09-01 14:54:42.297+0000 INFO  [o.n.k.i.DiagnosticsManager]  [classpath] /Users/albertorodriguez/.gradle/caches/modules-2/files-2.1/org.checkerframework/checker-compat-qual/2.5.5/435dc33e3019c9f019e15f01aa111de9d6b2b79c/checker-compat-qual-2.5.5.jar
2021-09-01 14:54:42.297+0000 INFO  [o.n.k.i.DiagnosticsManager]  [classpath] /Users/albertorodriguez/.gradle/caches/modules-2/files-2.1/org.springframework.data/spring-data-neo4j-rest/3.4.4.RELEASE/11dd50125c50d14595e67b09423c5a6e777ccdf9/spring-data-neo4j-rest-3.4.4.RELEASE.jar
2021-09-01 14:54:42.297+0000 INFO  [o.n.k.i.DiagnosticsManager]  [classpath] /Users/albertorodriguez/.gradle/caches/modules-2/files-2.1/com.github.jnr/jnr-unixsocket/0.38.8/28675a79de759bba31f55175dd7fd425645fa015/jnr-unixsocket-0.38.8.jar
2021-09-01 14:54:42.297+0000 INFO  [o.n.k.i.DiagnosticsManager]  [classpath] /Users/albertorodriguez/.gradle/caches/modules-2/files-2.1/com.google.http-client/google-http-client-gson/1.39.2/43c1d0500c31ee31ff5918ac4bbe95711cd744a9/google-http-client-gson-1.39.2.jar
2021-09-01 14:54:42.297+0000 INFO  [o.n.k.i.DiagnosticsManager]  [classpath] /Users/albertorodriguez/.gradle/caches/modules-2/files-2.1/org.neo4j/server-api/2.3.3/f514e9ade14df44233099776eb7dcbdcd851cc74/server-api-2.3.3.jar
2021-09-01 14:54:42.297+0000 INFO  [o.n.k.i.DiagnosticsManager]  [classpath] /Users/albertorodriguez/.gradle/caches/modules-2/files-2.1/org.jboss.logging/jboss-logging/3.4.2.Final/e517b8a93dd9962ed5481345e4d262fdd47c4217/jboss-logging-3.4.2.Final.jar
2021-09-01 14:54:42.297+0000 INFO  [o.n.k.i.DiagnosticsManager]  [classpath] /Users/albertorodriguez/.gradle/caches/modules-2/files-2.1/com.github.jnr/jffi/1.3.3/90c16606a5eee25591d782d83128e4e521e145c2/jffi-1.3.3-native.jar
2021-09-01 14:54:42.297+0000 INFO  [o.n.k.i.DiagnosticsManager]  [classpath] /Users/albertorodriguez/.gradle/caches/modules-2/files-2.1/org.slf4j/jul-to-slf4j/1.7.32/8a055c04ab44e8e8326901cadf89080721348bdb/jul-to-slf4j-1.7.32.jar
2021-09-01 14:54:42.297+0000 INFO  [o.n.k.i.DiagnosticsManager]  [classpath] /Users/albertorodriguez/.gradle/caches/modules-2/files-2.1/org.springframework/spring-aspects/5.3.9/ee2c3f8f99e1f115f502a7e47e632b1ed229e766/spring-aspects-5.3.9.jar
2021-09-01 14:54:42.297+0000 INFO  [o.n.k.i.DiagnosticsManager]  [classpath] /Users/albertorodriguez/.gradle/caches/modules-2/files-2.1/org.bouncycastle/bcpkix-jdk15on/1.61/89bb3aa5b98b48e584eee2a7401b7682a46779b4/bcpkix-jdk15on-1.61.jar
2021-09-01 14:54:42.297+0000 INFO  [o.n.k.i.DiagnosticsManager]  [classpath] /Users/albertorodriguez/.gradle/caches/modules-2/files-2.1/org.springframework/spring-beans/5.3.9/48600db2cb1abc0f7ef2b073f0c1abd78a83bcfc/spring-beans-5.3.9.jar
2021-09-01 14:54:42.297+0000 INFO  [o.n.k.i.DiagnosticsManager]  [classpath] /Users/albertorodriguez/.gradle/caches/modules-2/files-2.1/junit/junit/4.13.2/8ac9e16d933b6fb43bc7f576336b8f4d7eb5ba12/junit-4.13.2.jar
2021-09-01 14:54:42.297+0000 INFO  [o.n.k.i.DiagnosticsManager]  [classpath] /Users/albertorodriguez/.gradle/caches/modules-2/files-2.1/org.assertj/assertj-core/3.19.0/f64cb5690b85e68d5e1e6c6152bfb6e3840a452d/assertj-core-3.19.0.jar
2021-09-01 14:54:42.297+0000 INFO  [o.n.k.i.DiagnosticsManager]  [classpath] /Users/albertorodriguez/.gradle/caches/modules-2/files-2.1/com.google.http-client/google-http-client/1.39.2/5aafc3ff51693febf4214bb2a21baf577ce2fb25/google-http-client-1.39.2.jar
2021-09-01 14:54:42.297+0000 INFO  [o.n.k.i.DiagnosticsManager]  [classpath] /Users/albertorodriguez/.gradle/caches/modules-2/files-2.1/org.jvnet.mimepull/mimepull/1.9.14/41c3d1c7425dde6a1e09289c38377efe1e2dc980/mimepull-1.9.14.jar
2021-09-01 14:54:42.297+0000 INFO  [o.n.k.i.DiagnosticsManager]  [classpath] /Users/albertorodriguez/.gradle/caches/modules-2/files-2.1/com.fasterxml.jackson.core/jackson-annotations/2.12.4/752cf9a2562ac2c012e48057e3a4c17dad66c66e/jackson-annotations-2.12.4.jar
2021-09-01 14:54:42.297+0000 INFO  [o.n.k.i.DiagnosticsManager]  [classpath] /Users/albertorodriguez/.gradle/caches/modules-2/files-2.1/org.neo4j/neo4j-cypher-dsl/2021.2.3/471190dc32cb24c44d1617ac854834fe0b5c751c/neo4j-cypher-dsl-2021.2.3.jar
2021-09-01 14:54:42.297+0000 INFO  [o.n.k.i.DiagnosticsManager]  [classpath] /Users/albertorodriguez/.gradle/caches/modules-2/files-2.1/stax/stax-api/1.0.1/49c100caf72d658aca8e58bd74a4ba90fa2b0d70/stax-api-1.0.1.jar
2021-09-01 14:54:42.297+0000 INFO  [o.n.k.i.DiagnosticsManager]  [classpath] /Users/albertorodriguez/.gradle/caches/modules-2/files-2.1/org.neo4j/neo4j-codegen/2.3.3/f71c646b050e69dc57d34f4ab57563c6352e50d6/neo4j-codegen-2.3.3.jar
2021-09-01 14:54:42.297+0000 INFO  [o.n.k.i.DiagnosticsManager]  [classpath] /Users/albertorodriguez/.gradle/caches/modules-2/files-2.1/org.scala-lang.modules/scala-parser-combinators_2.11/1.0.4/7369d653bcfa95d321994660477a4d7e81d7f490/scala-parser-combinators_2.11-1.0.4.jar
2021-09-01 14:54:42.297+0000 INFO  [o.n.k.i.DiagnosticsManager]  [classpath] /Users/albertorodriguez/.gradle/caches/modules-2/files-2.1/mysql/mysql-connector-java/8.0.15/1cd928d0f1a93563993ce1d8b468217ea0d19b11/mysql-connector-java-8.0.15.jar
2021-09-01 14:54:42.297+0000 INFO  [o.n.k.i.DiagnosticsManager]  [classpath] /Users/albertorodriguez/.gradle/caches/modules-2/files-2.1/org.springframework.boot/spring-boot-starter-test/2.5.3/b3e6075daed4c81d5f1d5fa340debdc3241cc3dc/spring-boot-starter-test-2.5.3.jar
2021-09-01 14:54:42.297+0000 INFO  [o.n.k.i.DiagnosticsManager]  [classpath] /Users/albertorodriguez/Projects/SAFA/bend/build/classes/java/main
2021-09-01 14:54:42.297+0000 INFO  [o.n.k.i.DiagnosticsManager]  [classpath] /Users/albertorodriguez/.gradle/caches/modules-2/files-2.1/org.hibernate.common/hibernate-commons-annotations/5.1.2.Final/e59ffdbc6ad09eeb33507b39ffcf287679a498c8/hibernate-commons-annotations-5.1.2.Final.jar
2021-09-01 14:54:42.297+0000 INFO  [o.n.k.i.DiagnosticsManager]  [classpath] /Users/albertorodriguez/.gradle/caches/modules-2/files-2.1/org.neo4j.app/neo4j-server/2.3.3/47801242df77e87575fb6f05fd9079d1db2dfd5d/neo4j-server-2.3.3-tests.jar
2021-09-01 14:54:42.297+0000 INFO  [o.n.k.i.DiagnosticsManager]  [classpath] /Users/albertorodriguez/.gradle/caches/modules-2/files-2.1/org.apache.lucene/lucene-core/3.6.2/9ec77e2507f9cc01756964c71d91efd8154a8c47/lucene-core-3.6.2.jar
2021-09-01 14:54:42.297+0000 INFO  [o.n.k.i.DiagnosticsManager]  [classpath] /Users/albertorodriguez/.gradle/caches/modules-2/files-2.1/org.slf4j/slf4j-api/1.7.32/cdcff33940d9f2de763bc41ea05a0be5941176c3/slf4j-api-1.7.32.jar
2021-09-01 14:54:42.297+0000 INFO  [o.n.k.i.DiagnosticsManager]  [classpath] /Users/albertorodriguez/.gradle/caches/modules-2/files-2.1/io.opencensus/opencensus-contrib-http-util/0.28.0/f6cb276330197d51dd65327fc305a3df7e622705/opencensus-contrib-http-util-0.28.0.jar
2021-09-01 14:54:42.297+0000 INFO  [o.n.k.i.DiagnosticsManager]  [classpath] /Users/albertorodriguez/.gradle/caches/modules-2/files-2.1/org.apache.commons/commons-dbcp2/2.8.0/39c8efd449f66e71589ee1c385f8f828e068f9fd/commons-dbcp2-2.8.0.jar
2021-09-01 14:54:42.297+0000 INFO  [o.n.k.i.DiagnosticsManager]  [classpath] /Users/albertorodriguez/.gradle/caches/modules-2/files-2.1/org.hamcrest/hamcrest-library/2.2/cf530c8a0bc993487c64e940ae639bb4a6104dc6/hamcrest-library-2.2.jar
2021-09-01 14:54:42.297+0000 INFO  [o.n.k.i.DiagnosticsManager]  [classpath] /Users/albertorodriguez/.gradle/caches/modules-2/files-2.1/org.neo4j/neo4j-consistency-check/2.3.3/f93c7b36c27d4f14baa47f0c0a2f58f1906ee3ac/neo4j-consistency-check-2.3.3.jar
2021-09-01 14:54:42.298+0000 INFO  [o.n.k.i.DiagnosticsManager]  [classpath] /Users/albertorodriguez/.gradle/caches/modules-2/files-2.1/com.google.code.findbugs/jsr305/3.0.2/25ea2e8b0c338a877313bd4672d3fe056ea78f0d/jsr305-3.0.2.jar
2021-09-01 14:54:42.298+0000 INFO  [o.n.k.i.DiagnosticsManager]  [classpath] /Users/albertorodriguez/.gradle/caches/modules-2/files-2.1/com.github.jnr/jnr-posix/3.1.7/73bab73c3e5f62af526bb359bb9589532edeafc2/jnr-posix-3.1.7.jar
2021-09-01 14:54:42.298+0000 INFO  [o.n.k.i.DiagnosticsManager]  [classpath] /Users/albertorodriguez/.gradle/caches/modules-2/files-2.1/com.sun.istack/istack-commons-runtime/3.0.12/cbbe1a62b0cc6c85972e99d52aaee350153dc530/istack-commons-runtime-3.0.12.jar
2021-09-01 14:54:42.298+0000 INFO  [o.n.k.i.DiagnosticsManager]  [classpath] /Users/albertorodriguez/.gradle/caches/modules-2/files-2.1/org.neo4j/neo4j-consistency-check-legacy/2.3.3/bd69874472b3654afce0714bb76133906114b945/neo4j-consistency-check-legacy-2.3.3.jar
2021-09-01 14:54:42.298+0000 INFO  [o.n.k.i.DiagnosticsManager]  [classpath] /Users/albertorodriguez/.gradle/caches/modules-2/files-2.1/com.google.apis/google-api-services-sqladmin/v1beta4-rev20210608-1.31.5/c7d07d5ac732d7730ad1ea74f76b79a95f8f7104/google-api-services-sqladmin-v1beta4-rev20210608-1.31.5.jar
2021-09-01 14:54:42.298+0000 INFO  [o.n.k.i.DiagnosticsManager]  [classpath] /Users/albertorodriguez/.gradle/caches/modules-2/files-2.1/com.sun.activation/jakarta.activation/1.2.2/74548703f9851017ce2f556066659438019e7eb5/jakarta.activation-1.2.2.jar
2021-09-01 14:54:42.298+0000 INFO  [o.n.k.i.DiagnosticsManager]  [classpath] /Users/albertorodriguez/.gradle/caches/modules-2/files-2.1/com.github.jnr/jnr-a64asm/1.0.0/a1cb8dbe71b5a6a0288043c3ba3ca64545be165/jnr-a64asm-1.0.0.jar
2021-09-01 14:54:42.298+0000 INFO  [o.n.k.i.DiagnosticsManager]  [classpath] /Users/albertorodriguez/.gradle/caches/modules-2/files-2.1/javax.activation/javax.activation-api/1.2.0/85262acf3ca9816f9537ca47d5adeabaead7cb16/javax.activation-api-1.2.0.jar
2021-09-01 14:54:42.298+0000 INFO  [o.n.k.i.DiagnosticsManager]  [classpath] /Users/albertorodriguez/.gradle/caches/modules-2/files-2.1/ch.qos.logback/logback-classic/1.2.4/f3bc99fd0b226065012b24fe9f808299048bab54/logback-classic-1.2.4.jar
2021-09-01 14:54:42.298+0000 INFO  [o.n.k.i.DiagnosticsManager]  [classpath] /Users/albertorodriguez/.gradle/caches/modules-2/files-2.1/org.springframework.boot/spring-boot-configuration-processor/2.5.3/dbcb7b9aa82f98f4d079a2d3d7d1dc8a0dd171b1/spring-boot-configuration-processor-2.5.3.jar
2021-09-01 14:54:42.298+0000 INFO  [o.n.k.i.DiagnosticsManager]  [classpath] /Users/albertorodriguez/.gradle/caches/modules-2/files-2.1/io.opencensus/opencensus-api/0.28.0/fc0d06a9d975a38c581dff59b99cf31db78bd99/opencensus-api-0.28.0.jar
2021-09-01 14:54:42.298+0000 INFO  [o.n.k.i.DiagnosticsManager]  [classpath] /Users/albertorodriguez/.gradle/caches/modules-2/files-2.1/com.github.jnr/jnr-ffi/2.2.4/1e6a521c45e86bfe0ed1fa83fc6d684b4e094041/jnr-ffi-2.2.4.jar
2021-09-01 14:54:42.298+0000 INFO  [o.n.k.i.DiagnosticsManager]  [classpath] /Users/albertorodriguez/.gradle/caches/modules-2/files-2.1/com.jcraft/jsch/0.1.55/bbd40e5aa7aa3cfad5db34965456cee738a42a50/jsch-0.1.55.jar
2021-09-01 14:54:42.298+0000 INFO  [o.n.k.i.DiagnosticsManager]  [classpath] /Users/albertorodriguez/.gradle/caches/modules-2/files-2.1/org.codehaus.janino/commons-compiler/3.1.4/d5e7207eb6b9097befd5a4ea0152507bb7ae4285/commons-compiler-3.1.4.jar
2021-09-01 14:54:42.298+0000 INFO  [o.n.k.i.DiagnosticsManager]  [classpath] /Users/albertorodriguez/Projects/SAFA/bend/build/resources/test
2021-09-01 14:54:42.298+0000 INFO  [o.n.k.i.DiagnosticsManager]  [classpath] /Users/albertorodriguez/.gradle/caches/modules-2/files-2.1/com.google.guava/listenablefuture/9999.0-empty-to-avoid-conflict-with-guava/b421526c5f297295adef1c886e5246c39d4ac629/listenablefuture-9999.0-empty-to-avoid-conflict-with-guava.jar
2021-09-01 14:54:42.298+0000 INFO  [o.n.k.i.DiagnosticsManager]  [classpath] /Users/albertorodriguez/.gradle/caches/modules-2/files-2.1/org.neo4j/neo4j-io/2.3.3/bc6dd20a949db2452d8c6a6acfa174700294a979/neo4j-io-2.3.3-tests.jar
2021-09-01 14:54:42.298+0000 INFO  [o.n.k.i.DiagnosticsManager]  [classpath] /Users/albertorodriguez/.gradle/caches/modules-2/files-2.1/org.reactivestreams/reactive-streams/1.0.3/d9fb7a7926ffa635b3dcaa5049fb2bfa25b3e7d0/reactive-streams-1.0.3.jar
2021-09-01 14:54:42.298+0000 INFO  [o.n.k.i.DiagnosticsManager]  [classpath] /Users/albertorodriguez/.gradle/caches/modules-2/files-2.1/com.fasterxml/classmate/1.5.1/3fe0bed568c62df5e89f4f174c101eab25345b6c/classmate-1.5.1.jar
2021-09-01 14:54:42.298+0000 INFO  [o.n.k.i.DiagnosticsManager]  [classpath] /Users/albertorodriguez/.gradle/caches/modules-2/files-2.1/org.hibernate/hibernate-core/5.4.32.Final/99a5e10bf455337014c190e141ec631e9ff71663/hibernate-core-5.4.32.Final.jar
2021-09-01 14:54:42.298+0000 INFO  [o.n.k.i.DiagnosticsManager]  [classpath] /Users/albertorodriguez/.gradle/caches/modules-2/files-2.1/org.apiguardian/apiguardian-api/1.1.1/7ea550039f115fcc40990925490b8ebd4b93024a/apiguardian-api-1.1.1.jar
2021-09-01 14:54:42.298+0000 INFO  [o.n.k.i.DiagnosticsManager]  [classpath] /Users/albertorodriguez/.gradle/caches/modules-2/files-2.1/org.neo4j/neo4j-jmx/2.3.3/d6686ceeefc39d17b3d350faf3603373a89d5e85/neo4j-jmx-2.3.3.jar
2021-09-01 14:54:42.298+0000 INFO  [o.n.k.i.DiagnosticsManager]  [classpath] /Users/albertorodriguez/.gradle/caches/modules-2/files-2.1/com.sun.jersey/jersey-server/1.19/ee2ff839a65097eb12004edd909bcb4a97a2832c/jersey-server-1.19.jar
2021-09-01 14:54:42.298+0000 INFO  [o.n.k.i.DiagnosticsManager]  [classpath] /Users/albertorodriguez/.gradle/caches/modules-2/files-2.1/org.springframework.boot/spring-boot-starter-web/2.5.3/2cb23f2928177eeb9be81036623f4350a86a433/spring-boot-starter-web-2.5.3.jar
2021-09-01 14:54:42.298+0000 INFO  [o.n.k.i.DiagnosticsManager]  [classpath] /Users/albertorodriguez/.gradle/caches/modules-2/files-2.1/org.springframework.data/spring-data-neo4j/6.1.3/9cc5f73afdaa84f2ed795fd1a65d1a339d55a70c/spring-data-neo4j-6.1.3.jar
2021-09-01 14:54:42.298+0000 INFO  [o.n.k.i.DiagnosticsManager]  [classpath] /Users/albertorodriguez/.gradle/caches/modules-2/files-2.1/commons-digester/commons-digester/2.1/73a8001e7a54a255eef0f03521ec1805dc738ca0/commons-digester-2.1.jar
2021-09-01 14:54:42.298+0000 INFO  [o.n.k.i.DiagnosticsManager]  [classpath] /Users/albertorodriguez/.gradle/caches/modules-2/files-2.1/org.apache.commons/commons-csv/1.9.0/b59d8f64cd0b83ee1c04ff1748de2504457018c1/commons-csv-1.9.0.jar
2021-09-01 14:54:42.298+0000 INFO  [o.n.k.i.DiagnosticsManager]  [classpath] /Users/albertorodriguez/.gradle/caches/modules-2/files-2.1/com.googlecode.javaewah/JavaEWAH/1.1.6/94ad16d728b374d65bd897625f3fbb3da223a2b6/JavaEWAH-1.1.6.jar
2021-09-01 14:54:42.298+0000 INFO  [o.n.k.i.DiagnosticsManager]  [classpath] /Users/albertorodriguez/.gradle/caches/modules-2/files-2.1/net.minidev/json-smart/2.4.7/8d7f4c1530c07c54930935f3da85f48b83b3c109/json-smart-2.4.7.jar
2021-09-01 14:54:42.298+0000 INFO  [o.n.k.i.DiagnosticsManager]  [classpath] /Users/albertorodriguez/.gradle/caches/modules-2/files-2.1/org.neo4j/neo4j-primitive-collections/2.3.3/1342495e06432c2082594081f0aaec3c522bfa8d/neo4j-primitive-collections-2.3.3.jar
2021-09-01 14:54:42.298+0000 INFO  [o.n.k.i.DiagnosticsManager]  [classpath] /Users/albertorodriguez/.gradle/caches/modules-2/files-2.1/org.springframework.boot/spring-boot-starter/2.5.3/2e16fb3d63961548468a2cd70015d4b1be968fd4/spring-boot-starter-2.5.3.jar
2021-09-01 14:54:42.298+0000 INFO  [o.n.k.i.DiagnosticsManager]  [classpath] /Users/albertorodriguez/.gradle/caches/modules-2/files-2.1/org.apache.tomcat.embed/tomcat-embed-el/9.0.50/ee4e14e128bf6ffe7650c7a5d8cedf97fb36d91b/tomcat-embed-el-9.0.50.jar
2021-09-01 14:54:42.298+0000 INFO  [o.n.k.i.DiagnosticsManager]  [classpath] /Users/albertorodriguez/.gradle/caches/modules-2/files-2.1/jakarta.annotation/jakarta.annotation-api/1.3.5/59eb84ee0d616332ff44aba065f3888cf002cd2d/jakarta.annotation-api-1.3.5.jar
2021-09-01 14:54:42.298+0000 INFO  [o.n.k.i.DiagnosticsManager]  [classpath] /Users/albertorodriguez/.gradle/caches/modules-2/files-2.1/com.fasterxml.jackson.datatype/jackson-datatype-jsr310/2.12.4/b1174c05d4ded121a7eaeed3f148709f9585b981/jackson-datatype-jsr310-2.12.4.jar
2021-09-01 14:54:42.298+0000 INFO  [o.n.k.i.DiagnosticsManager]  [classpath] /Users/albertorodriguez/.gradle/caches/modules-2/files-2.1/commons-beanutils/commons-beanutils/1.8.3/686ef3410bcf4ab8ce7fd0b899e832aaba5facf7/commons-beanutils-1.8.3.jar
2021-09-01 14:54:42.298+0000 INFO  [o.n.k.i.DiagnosticsManager]  [classpath] /Users/albertorodriguez/.gradle/caches/modules-2/files-2.1/com.github.jnr/jnr-constants/0.10.2/11a081b5482f415443d5e4b860b7a3cb62e319d3/jnr-constants-0.10.2.jar
2021-09-01 14:54:42.298+0000 INFO  [o.n.k.i.DiagnosticsManager]  [classpath] /Users/albertorodriguez/.gradle/caches/modules-2/files-2.1/com.google.code.gson/gson/2.8.7/69d9503ea0a40ee16f0bcdac7e3eaf83d0fa914a/gson-2.8.7.jar
2021-09-01 14:54:42.298+0000 INFO  [o.n.k.i.DiagnosticsManager]  [classpath] /Users/albertorodriguez/.gradle/caches/modules-2/files-2.1/com.jsoniter/jsoniter/0.9.23/4cff9a02d6d9a848d1b7298aac36c47fd9e67d77/jsoniter-0.9.23.jar
2021-09-01 14:54:42.298+0000 INFO  [o.n.k.i.DiagnosticsManager]  [classpath] /Users/albertorodriguez/.gradle/caches/modules-2/files-2.1/org.opentest4j/opentest4j/1.2.0/28c11eb91f9b6d8e200631d46e20a7f407f2a046/opentest4j-1.2.0.jar
2021-09-01 14:54:42.298+0000 INFO  [o.n.k.i.DiagnosticsManager]  [classpath] /Users/albertorodriguez/.gradle/caches/modules-2/files-2.1/org.neo4j/neo4j-unsafe/2.3.3/e4598c9782278750c2b25e8201e947fca382d874/neo4j-unsafe-2.3.3.jar
2021-09-01 14:54:42.298+0000 INFO  [o.n.k.i.DiagnosticsManager]  [classpath] /Users/albertorodriguez/.gradle/caches/modules-2/files-2.1/org.eclipse.jetty/jetty-util/9.4.43.v20210629/97306fd3c76171602caad2acc54ca779c9240d5f/jetty-util-9.4.43.v20210629.jar
2021-09-01 14:54:42.298+0000 INFO  [o.n.k.i.DiagnosticsManager]  [classpath] /Users/albertorodriguez/.gradle/caches/modules-2/files-2.1/org.neo4j.driver/neo4j-java-driver/4.3.3/9e92ba09ab2eb3a42eda83ad92d92593c5ec99e5/neo4j-java-driver-4.3.3.jar
2021-09-01 14:54:42.298+0000 INFO  [o.n.k.i.DiagnosticsManager]  [classpath] /Users/albertorodriguez/.gradle/caches/modules-2/files-2.1/org.neo4j/neo4j-udc/2.3.3/6eed42c3e78a59fac6130effdded0a4e9917b0e7/neo4j-udc-2.3.3.jar
2021-09-01 14:54:42.298+0000 INFO  [o.n.k.i.DiagnosticsManager]  [classpath] /Users/albertorodriguez/.gradle/caches/modules-2/files-2.1/org.apache.commons/commons-pool2/2.9.0/58e9e8bbd29cf3e7861cb80c0a615770baffe840/commons-pool2-2.9.0.jar
2021-09-01 14:54:42.298+0000 INFO  [o.n.k.i.DiagnosticsManager]  [classpath] /Users/albertorodriguez/.gradle/caches/modules-2/files-2.1/org.junit.platform/junit-platform-engine/1.7.2/2573770b46b8a199ed5f6b0f96fb99e468bfe891/junit-platform-engine-1.7.2.jar
2021-09-01 14:54:42.298+0000 INFO  [o.n.k.i.DiagnosticsManager]  [classpath] /Users/albertorodriguez/.gradle/caches/modules-2/files-2.1/xmlunit/xmlunit/1.3/4ecf4c68036ae37d889cc1744208abbc42704fb2/xmlunit-1.3.jar
2021-09-01 14:54:42.298+0000 INFO  [o.n.k.i.DiagnosticsManager]  [classpath] /Users/albertorodriguez/.gradle/caches/modules-2/files-2.1/org.neo4j/neo4j-cypher-frontend-2.3/2.3.3/c4f106a631e72d4933734cd0b21b32aafd2d7656/neo4j-cypher-frontend-2.3-2.3.3.jar
2021-09-01 14:54:42.298+0000 INFO  [o.n.k.i.DiagnosticsManager]  [classpath] /Users/albertorodriguez/.gradle/caches/modules-2/files-2.1/org.javassist/javassist/3.27.0-GA/f63e6aa899e15eca8fdaa402a79af4c417252213/javassist-3.27.0-GA.jar
2021-09-01 14:54:42.298+0000 INFO  [o.n.k.i.DiagnosticsManager]  [classpath] /Users/albertorodriguez/.gradle/caches/modules-2/files-2.1/com.lordofthejars/nosqlunit-core/1.0.0/7c56f26ee22fb27e16b8e3ce180dd421616c57b6/nosqlunit-core-1.0.0.jar
2021-09-01 14:54:42.298+0000 INFO  [o.n.k.i.DiagnosticsManager]  [classpath] /Users/albertorodriguez/.gradle/caches/modules-2/files-2.1/org.neo4j/neo4j-csv/2.3.3/6ed9f7f742a6a584ecb78af19ee3b4916e179b73/neo4j-csv-2.3.3.jar
2021-09-01 14:54:42.298+0000 INFO  [o.n.k.i.DiagnosticsManager]  [classpath] /Users/albertorodriguez/.gradle/caches/modules-2/files-2.1/org.eclipse.jetty/jetty-http/9.4.43.v20210629/5171466337a6da7efbf317490b9c4574c0b4b640/jetty-http-9.4.43.v20210629.jar
2021-09-01 14:54:42.299+0000 INFO  [o.n.k.i.DiagnosticsManager]  [classpath] /Users/albertorodriguez/.gradle/caches/modules-2/files-2.1/org.javatuples/javatuples/1.2/507312ac4b601204a72a83380badbca82683dd36/javatuples-1.2.jar
2021-09-01 14:54:42.299+0000 INFO  [o.n.k.i.DiagnosticsManager]  [classpath] /Users/albertorodriguez/.gradle/caches/modules-2/files-2.1/org.eclipse.jetty/jetty-util-ajax/9.4.43.v20210629/2500d180c6e8e28eb3b75372b6ea9d457cf37658/jetty-util-ajax-9.4.43.v20210629.jar
2021-09-01 14:54:42.299+0000 INFO  [o.n.k.i.DiagnosticsManager]  [classpath] /Users/albertorodriguez/.gradle/caches/modules-2/files-2.1/javax.inject/javax.inject/1/6975da39a7040257bd51d21a231b76c915872d38/javax.inject-1.jar
2021-09-01 14:54:42.299+0000 INFO  [o.n.k.i.DiagnosticsManager]  [classpath] /Users/albertorodriguez/.gradle/caches/modules-2/files-2.1/org.neo4j/neo4j-function/2.3.3/f6cf689d986da0728f236a9e78ae4fc329c18527/neo4j-function-2.3.3.jar
2021-09-01 14:54:42.299+0000 INFO  [o.n.k.i.DiagnosticsManager]  [classpath] /Users/albertorodriguez/.gradle/caches/modules-2/files-2.1/org.glassfish.jaxb/txw2/2.3.4/257fa649d3137a1060d222aefb96b7d1dd5f1286/txw2-2.3.4.jar
2021-09-01 14:54:42.299+0000 INFO  [o.n.k.i.DiagnosticsManager]  [classpath] /Users/albertorodriguez/.gradle/caches/modules-2/files-2.1/org.springframework.boot/spring-boot-test/2.5.3/bba801d1ba60438699c9410a91f23b4880394bda/spring-boot-test-2.5.3.jar
2021-09-01 14:54:42.299+0000 INFO  [o.n.k.i.DiagnosticsManager]  [classpath] /Users/albertorodriguez/.gradle/caches/modules-2/files-2.1/org.apache.commons/commons-lang3/3.12.0/c6842c86792ff03b9f1d1fe2aab8dc23aa6c6f0e/commons-lang3-3.12.0.jar
2021-09-01 14:54:42.299+0000 INFO  [o.n.k.i.DiagnosticsManager]  [classpath] /Users/albertorodriguez/.gradle/caches/modules-2/files-2.1/org.springframework.boot/spring-boot-starter-tomcat/2.5.3/bedcf69b9e83a0744d93e5672320039b55deffd/spring-boot-starter-tomcat-2.5.3.jar
2021-09-01 14:54:42.299+0000 INFO  [o.n.k.i.DiagnosticsManager]  [classpath] /Users/albertorodriguez/.gradle/caches/modules-2/files-2.1/org.mockito/mockito-junit-jupiter/3.9.0/871745ab6af5a269411ea3c1f99ced82ed079436/mockito-junit-jupiter-3.9.0.jar
2021-09-01 14:54:42.299+0000 INFO  [o.n.k.i.DiagnosticsManager]  [classpath] /Users/albertorodriguez/.gradle/caches/modules-2/files-2.1/com.google.auth/google-auth-library-credentials/0.26.0/da0919aae28fd57fb98057e3125040e31b582f5f/google-auth-library-credentials-0.26.0.jar
2021-09-01 14:54:42.299+0000 INFO  [o.n.k.i.DiagnosticsManager]  [classpath] /Users/albertorodriguez/.gradle/caches/modules-2/files-2.1/org.neo4j/neo4j-cypher-compiler-2.2_2.11/2.2.6/be771f007153d6ff141d1c394f324a9b961a95dd/neo4j-cypher-compiler-2.2_2.11-2.2.6.jar
2021-09-01 14:54:42.299+0000 INFO  [o.n.k.i.DiagnosticsManager]  [classpath] /Users/albertorodriguez/.gradle/caches/modules-2/files-2.1/cglib/cglib-nodep/2.2/59afed7ab65e7ec6585d5bc60556c3cbd203532b/cglib-nodep-2.2.jar
2021-09-01 14:54:42.299+0000 INFO  [o.n.k.i.DiagnosticsManager]  [classpath] /Users/albertorodriguez/.gradle/caches/modules-2/files-2.1/com.google.guava/failureaccess/1.0.1/1dcf1de382a0bf95a3d8b0849546c88bac1292c9/failureaccess-1.0.1.jar
2021-09-01 14:54:42.299+0000 INFO  [o.n.k.i.DiagnosticsManager]  [classpath] /Users/albertorodriguez/.gradle/caches/modules-2/files-2.1/org.eclipse.jetty.toolchain/jetty-jakarta-servlet-api/5.0.2/27fce6d666a203526236d33d00e202a4136230f/jetty-jakarta-servlet-api-5.0.2.jar
2021-09-01 14:54:42.299+0000 INFO  [o.n.k.i.DiagnosticsManager]  [classpath] /Users/albertorodriguez/.gradle/caches/modules-2/files-2.1/org.mozilla/rhino/1.7R4/e982f2136574b9a423186fbaeaaa98dc3e5a5288/rhino-1.7R4.jar
2021-09-01 14:54:42.299+0000 INFO  [o.n.k.i.DiagnosticsManager]  [classpath] /Users/albertorodriguez/.gradle/caches/modules-2/files-2.1/org.junit.jupiter/junit-jupiter/5.7.2/62faa742964a9d8dab8fdb4a0eab7b01441c171f/junit-jupiter-5.7.2.jar
2021-09-01 14:54:42.299+0000 INFO  [o.n.k.i.DiagnosticsManager]  [classpath] /Users/albertorodriguez/.gradle/caches/modules-2/files-2.1/javax.servlet/javax.servlet-api/4.0.1/a27082684a2ff0bf397666c3943496c44541d1ca/javax.servlet-api-4.0.1.jar
2021-09-01 14:54:42.299+0000 INFO  [o.n.k.i.DiagnosticsManager]  [classpath] /Users/albertorodriguez/.gradle/caches/modules-2/files-2.1/commons-logging/commons-logging/1.1.1/5043bfebc3db072ed80fbd362e7caf00e885d8ae/commons-logging-1.1.1.jar
2021-09-01 14:54:42.299+0000 INFO  [o.n.k.i.DiagnosticsManager]  [classpath] /Users/albertorodriguez/.gradle/caches/modules-2/files-2.1/net.minidev/accessors-smart/2.4.7/3970cfc505e6657ca60f3aa57c849f6043000d7a/accessors-smart-2.4.7.jar
2021-09-01 14:54:42.299+0000 INFO  [o.n.k.i.DiagnosticsManager]  [classpath] /Users/albertorodriguez/.gradle/caches/modules-2/files-2.1/org.apache.tomcat.embed/tomcat-embed-websocket/9.0.50/eb8d0bedeb2a9ed61ea3b3790055e937e52898a3/tomcat-embed-websocket-9.0.50.jar
2021-09-01 14:54:42.299+0000 INFO  [o.n.k.i.DiagnosticsManager]  [classpath] /Users/albertorodriguez/.gradle/caches/modules-2/files-2.1/ch.qos.logback/logback-access/1.2.4/bd5f5099c5104b32772024eedafc40532965cd5d/logback-access-1.2.4.jar
2021-09-01 14:54:42.299+0000 INFO  [o.n.k.i.DiagnosticsManager]  [classpath] /Users/albertorodriguez/.gradle/caches/modules-2/files-2.1/org.neo4j.test/neo4j-harness/2.3.3/2a78e63a9fe9913d3eab402275b1febd343969b4/neo4j-harness-2.3.3.jar
2021-09-01 14:54:42.299+0000 INFO  [o.n.k.i.DiagnosticsManager]  [classpath] /Users/albertorodriguez/.gradle/caches/modules-2/files-2.1/org.hamcrest/hamcrest-core/2.2/3f2bd07716a31c395e2837254f37f21f0f0ab24b/hamcrest-core-2.2.jar
2021-09-01 14:54:42.299+0000 INFO  [o.n.k.i.DiagnosticsManager]  [classpath] /Users/albertorodriguez/.gradle/caches/modules-2/files-2.1/org.neo4j/neo4j-graph-matching/2.3.3/3198a27e524673c5a2e462bd955e862aeae9b1e0/neo4j-graph-matching-2.3.3.jar
2021-09-01 14:54:42.299+0000 INFO  [o.n.k.i.DiagnosticsManager]  [classpath] /Users/albertorodriguez/.gradle/caches/modules-2/files-2.1/io.grpc/grpc-context/1.27.2/1789190601b7a5361e4fa52b6bc95ec2cd71e854/grpc-context-1.27.2.jar
2021-09-01 14:54:42.299+0000 INFO  [o.n.k.i.DiagnosticsManager]  [classpath] /Users/albertorodriguez/.gradle/caches/modules-2/files-2.1/org.springframework/spring-orm/5.3.9/db37587efd6525283b53c7adc8989095e9eabc27/spring-orm-5.3.9.jar
2021-09-01 14:54:42.299+0000 INFO  [o.n.k.i.DiagnosticsManager]  [classpath] /Users/albertorodriguez/.gradle/caches/modules-2/files-2.1/commons-configuration/commons-configuration/1.10/2b36e4adfb66d966c5aef2d73deb6be716389dc9/commons-configuration-1.10.jar
2021-09-01 14:54:42.299+0000 INFO  [o.n.k.i.DiagnosticsManager]  [classpath] /Users/albertorodriguez/.gradle/caches/modules-2/files-2.1/org.apache.logging.log4j/log4j-to-slf4j/2.14.1/ce8a86a3f50a4304749828ce68e7478cafbc8039/log4j-to-slf4j-2.14.1.jar
2021-09-01 14:54:42.299+0000 INFO  [o.n.k.i.DiagnosticsManager]  [classpath] /Users/albertorodriguez/.gradle/caches/modules-2/files-2.1/org.neo4j/neo4j-cypher/2.3.3/2c79c6d0728692b79bfd77032b0bda229a179735/neo4j-cypher-2.3.3.jar
2021-09-01 14:54:42.299+0000 INFO  [o.n.k.i.DiagnosticsManager]  [classpath] /Users/albertorodriguez/.gradle/caches/modules-2/files-2.1/org.eclipse.jetty/jetty-security/9.4.43.v20210629/ae1958da077c46bac61be9b8de2b45a3aa112353/jetty-security-9.4.43.v20210629.jar
2021-09-01 14:54:42.299+0000 INFO  [o.n.k.i.DiagnosticsManager]  [classpath] /Users/albertorodriguez/.gradle/caches/modules-2/files-2.1/org.bouncycastle/bcprov-jdk15on/1.61/df4b474e71be02c1349c3292d98886f888d1f7/bcprov-jdk15on-1.61.jar
2021-09-01 14:54:42.299+0000 INFO  [o.n.k.i.DiagnosticsManager]  [classpath] /Users/albertorodriguez/.gradle/caches/modules-2/files-2.1/org.eclipse.jetty/jetty-server/11.0.6/454f4eb2da65ed53523045e169f27049eb83990b/jetty-server-11.0.6.jar
2021-09-01 14:54:42.299+0000 INFO  [o.n.k.i.DiagnosticsManager]  [classpath] /Users/albertorodriguez/.gradle/caches/modules-2/files-2.1/net.sf.opencsv/opencsv/2.3/c23708cdb9e80a144db433e23344a788a1fd6599/opencsv-2.3.jar
2021-09-01 14:54:42.299+0000 INFO  [o.n.k.i.DiagnosticsManager]  [classpath] /Users/albertorodriguez/.gradle/caches/modules-2/files-2.1/org.neo4j.3rdparty.javax.ws.rs/jsr311-api/1.1.2.r612/a088198b2cff15b6d595178b1655bc88b858ad58/jsr311-api-1.1.2.r612.jar
2021-09-01 14:54:42.299+0000 INFO  [o.n.k.i.DiagnosticsManager]  [classpath] /Users/albertorodriguez/.gradle/caches/modules-2/files-2.1/ch.qos.logback/logback-core/1.2.4/5f429ee58dbacf9040f846f1218c36ca6e851596/logback-core-1.2.4.jar
2021-09-01 14:54:42.299+0000 INFO  [o.n.k.i.DiagnosticsManager]  [classpath] /Users/albertorodriguez/.gradle/caches/modules-2/files-2.1/org.jboss.spec.javax.transaction/jboss-transaction-api_1.2_spec/1.1.1.Final/a8485cab9484dda36e9a8c319e76b5cc18797b58/jboss-transaction-api_1.2_spec-1.1.1.Final.jar
2021-09-01 14:54:42.299+0000 INFO  [o.n.k.i.DiagnosticsManager]  [classpath] /Users/albertorodriguez/.gradle/caches/modules-2/files-2.1/org.apache.tomcat.embed/tomcat-embed-core/9.0.50/14307c487516ab3526213a1205c5243b0c484e8d/tomcat-embed-core-9.0.50.jar
2021-09-01 14:54:42.299+0000 INFO  [o.n.k.i.DiagnosticsManager]  [classpath] /Users/albertorodriguez/.gradle/caches/modules-2/files-2.1/org.springframework/spring-web/5.3.9/88c920ec1bda67fea04daa8e16165777440df473/spring-web-5.3.9.jar
2021-09-01 14:54:42.299+0000 INFO  [o.n.k.i.DiagnosticsManager]  [classpath] /Users/albertorodriguez/.gradle/caches/modules-2/files-2.1/com.github.jnr/jffi/1.3.3/4efe31b444dd6d73074a32413624d651692da005/jffi-1.3.3.jar
2021-09-01 14:54:42.299+0000 INFO  [o.n.k.i.DiagnosticsManager]  [classpath] /Users/albertorodriguez/.gradle/caches/modules-2/files-2.1/io.netty/netty-all/4.1.66.Final/688c96ac67c6f729111cb2a66a456cac02785ae/netty-all-4.1.66.Final.jar
2021-09-01 14:54:42.299+0000 INFO  [o.n.k.i.DiagnosticsManager]  [classpath] /Users/albertorodriguez/.gradle/caches/modules-2/files-2.1/org.eclipse.jgit/org.eclipse.jgit/5.5.1.201910021850-r/e0ba7a468e8c62da8521ca3a06a061d4dde95223/org.eclipse.jgit-5.5.1.201910021850-r.jar
2021-09-01 14:54:42.299+0000 INFO  [o.n.k.i.DiagnosticsManager]  [classpath] /Users/albertorodriguez/.gradle/caches/modules-2/files-2.1/org.apache.httpcomponents/httpcore/4.4.14/9dd1a631c082d92ecd4bd8fd4cf55026c720a8c1/httpcore-4.4.14.jar
2021-09-01 14:54:42.299+0000 INFO  [o.n.k.i.DiagnosticsManager]  [classpath] /Users/albertorodriguez/.gradle/caches/modules-2/files-2.1/org.aspectj/aspectjrt/1.9.7/ac42a7759a685a098b182bc0a39747f32f00adb0/aspectjrt-1.9.7.jar
2021-09-01 14:54:42.299+0000 INFO  [o.n.k.i.DiagnosticsManager]  [classpath] /Users/albertorodriguez/.gradle/caches/modules-2/files-2.1/org.springframework.boot/spring-boot/2.5.3/e25d2de9e166a8bbbfae633fc03220ab36ac19a9/spring-boot-2.5.3.jar
2021-09-01 14:54:42.299+0000 INFO  [o.n.k.i.DiagnosticsManager]  [classpath] /Users/albertorodriguez/.gradle/caches/modules-2/files-2.1/org.junit.platform/junit-platform-commons/1.7.2/34adfea6c13fc4a996cf38cdad80800ce850d198/junit-platform-commons-1.7.2.jar
2021-09-01 14:54:42.299+0000 INFO  [o.n.k.i.DiagnosticsManager]  [classpath] /Users/albertorodriguez/.gradle/caches/modules-2/files-2.1/org.bouncycastle/bcpg-jdk15on/1.61/422656435514ab8a28752b117d5d2646660a0ace/bcpg-jdk15on-1.61.jar
2021-09-01 14:54:42.299+0000 INFO  [o.n.k.i.DiagnosticsManager]  [classpath] /Users/albertorodriguez/.gradle/caches/modules-2/files-2.1/org.hamcrest/hamcrest/2.2/1820c0968dba3a11a1b30669bb1f01978a91dedc/hamcrest-2.2.jar
2021-09-01 14:54:42.299+0000 INFO  [o.n.k.i.DiagnosticsManager]  [classpath] /Users/albertorodriguez/.gradle/caches/modules-2/files-2.1/org.neo4j.test/neo4j-harness/2.3.3/5870be90b8fe888e36f0654dc84ef12d38b3885d/neo4j-harness-2.3.3-tests.jar
2021-09-01 14:54:42.299+0000 INFO  [o.n.k.i.DiagnosticsManager]  [classpath] /Users/albertorodriguez/.gradle/caches/modules-2/files-2.1/org.codehaus.jackson/jackson-core-asl/1.9.13/3c304d70f42f832e0a86d45bd437f692129299a4/jackson-core-asl-1.9.13.jar
2021-09-01 14:54:42.299+0000 INFO  [o.n.k.i.DiagnosticsManager]  [classpath] /Users/albertorodriguez/.gradle/caches/modules-2/files-2.1/org.neo4j/neo4j-io/2.3.3/674c24b9acd18c82c0a4f0cf827e02b67a2aee9d/neo4j-io-2.3.3.jar
2021-09-01 14:54:42.299+0000 INFO  [o.n.k.i.DiagnosticsManager]  [classpath] /Users/albertorodriguez/.gradle/caches/modules-2/files-2.1/org.hibernate/hibernate-entitymanager/5.5.5.Final/e0eb3e069b073c40a67cc9567ed2372507787b25/hibernate-entitymanager-5.5.5.Final.jar
2021-09-01 14:54:42.299+0000 INFO  [o.n.k.i.DiagnosticsManager]  [classpath] /Users/albertorodriguez/.gradle/caches/modules-2/files-2.1/org.parboiled/parboiled-scala_2.11/1.1.7/4e14ecb11f40f25216ce01dc349f541bc801354f/parboiled-scala_2.11-1.1.7.jar
2021-09-01 14:54:42.299+0000 INFO  [o.n.k.i.DiagnosticsManager]  [classpath] /Users/albertorodriguez/.gradle/caches/modules-2/files-2.1/com.google.cloud.sql/jdbc-socket-factory-core/1.3.1/9076ff95f28231402aa67ce90546153fbdb675c/jdbc-socket-factory-core-1.3.1.jar
2021-09-01 14:54:42.299+0000 INFO  [o.n.k.i.DiagnosticsManager]  [classpath] /Users/albertorodriguez/.gradle/caches/modules-2/files-2.1/org.springframework/spring-core/5.3.9/cfef19d1dfa41d56f8de66238dc015334997d573/spring-core-5.3.9.jar
2021-09-01 14:54:42.299+0000 INFO  [o.n.k.i.DiagnosticsManager]  [classpath] /Users/albertorodriguez/.gradle/caches/modules-2/files-2.1/org.apache.httpcomponents/httpclient/4.5.13/e5f6cae5ca7ecaac1ec2827a9e2d65ae2869cada/httpclient-4.5.13.jar
2021-09-01 14:54:42.300+0000 INFO  [o.n.k.i.DiagnosticsManager]  [classpath] /Users/albertorodriguez/.gradle/caches/modules-2/files-2.1/javax.annotation/javax.annotation-api/1.3.2/934c04d3cfef185a8008e7bf34331b79730a9d43/javax.annotation-api-1.3.2.jar
2021-09-01 14:54:42.300+0000 INFO  [o.n.k.i.DiagnosticsManager]  [classpath] /Users/albertorodriguez/.gradle/caches/modules-2/files-2.1/org.springframework.boot/spring-boot-starter-logging/2.5.3/a3a2057be09b4105ecf2e7e3097e0e3fe2eb2684/spring-boot-starter-logging-2.5.3.jar
2021-09-01 14:54:42.300+0000 INFO  [o.n.k.i.DiagnosticsManager]  [classpath] /Users/albertorodriguez/.gradle/caches/modules-2/files-2.1/com.fasterxml.jackson.core/jackson-databind/2.12.4/69206e02e6a696034f06a59d3ddbfbba5a4cd81/jackson-databind-2.12.4.jar
2021-09-01 14:54:42.300+0000 INFO  [o.n.k.i.DiagnosticsManager]  [classpath] /Users/albertorodriguez/.gradle/caches/modules-2/files-2.1/com.sun.jersey/jersey-core/1.19/9a0619e2c514a79b610f17cadaae619c0a08d6a6/jersey-core-1.19.jar
2021-09-01 14:54:42.300+0000 INFO  [o.n.k.i.DiagnosticsManager]  [classpath] /Users/albertorodriguez/.gradle/caches/modules-2/files-2.1/org.springframework/spring-aop/5.3.9/9bcad31a74e60d205500dd67d2220bd0195c63f8/spring-aop-5.3.9.jar
2021-09-01 14:54:42.300+0000 INFO  [o.n.k.i.DiagnosticsManager]  [classpath] /Users/albertorodriguez/.gradle/caches/modules-2/files-2.1/org.junit.jupiter/junit-jupiter-params/5.7.2/685f832f8c54dd40100f646d61aca88ed9545421/junit-jupiter-params-5.7.2.jar
2021-09-01 14:54:42.300+0000 INFO  [o.n.k.i.DiagnosticsManager]  [classpath] /Users/albertorodriguez/.gradle/caches/modules-2/files-2.1/net.bytebuddy/byte-buddy-agent/1.10.22/b01df6b71a882b9fde5a608a26e641cd399a4d83/byte-buddy-agent-1.10.22.jar
2021-09-01 14:54:42.300+0000 INFO  [o.n.k.i.DiagnosticsManager]  [classpath] /Users/albertorodriguez/.gradle/caches/modules-2/files-2.1/com.vaadin.external.google/android-json/0.0.20131108.vaadin1/fa26d351fe62a6a17f5cda1287c1c6110dec413f/android-json-0.0.20131108.vaadin1.jar
2021-09-01 14:54:42.300+0000 INFO  [o.n.k.i.DiagnosticsManager]  [classpath] /Users/albertorodriguez/.gradle/caches/modules-2/files-2.1/org.jboss/jandex/2.2.3.Final/d3865101f0666b63586683bd811d754517f331ab/jandex-2.2.3.Final.jar
2021-09-01 14:54:42.300+0000 INFO  [o.n.k.i.DiagnosticsManager]  [classpath] /Users/albertorodriguez/.gradle/caches/modules-2/files-2.1/org.neo4j/neo4j-shell/2.3.3/4782a96f628902352c98b5086f068f933bb163dd/neo4j-shell-2.3.3.jar
2021-09-01 14:54:42.300+0000 INFO  [o.n.k.i.DiagnosticsManager]  [classpath] /Users/albertorodriguez/.gradle/caches/modules-2/files-2.1/org.dom4j/dom4j/2.1.3/a75914155a9f5808963170ec20653668a2ffd2fd/dom4j-2.1.3.jar
2021-09-01 14:54:42.300+0000 INFO  [o.n.k.i.DiagnosticsManager]  [classpath] /Users/albertorodriguez/.gradle/caches/modules-2/files-2.1/com.google.guava/guava/30.1.1-android/5963ed171d561cca6f14659f3439b46a1633ab13/guava-30.1.1-android.jar
2021-09-01 14:54:42.300+0000 INFO  [o.n.k.i.DiagnosticsManager]  [classpath] /Users/albertorodriguez/.gradle/caches/modules-2/files-2.1/org.rrd4j/rrd4j/2.2/e5aee992ece8c82291b77bef96cd1d11c1e0a009/rrd4j-2.2.jar
2021-09-01 14:54:42.300+0000 INFO  [o.n.k.i.DiagnosticsManager]  [classpath] /Users/albertorodriguez/.gradle/caches/modules-2/files-2.1/asm/asm/3.2/9bc1511dec6adf302991ced13303e4140fdf9ab7/asm-3.2.jar
2021-09-01 14:54:42.300+0000 INFO  [o.n.k.i.DiagnosticsManager]  [classpath] /Users/albertorodriguez/.gradle/caches/modules-2/files-2.1/org.mockito/mockito-core/3.9.0/b7573430aea743b26434b44f4f46272af613e660/mockito-core-3.9.0.jar
2021-09-01 14:54:42.300+0000 INFO  [o.n.k.i.DiagnosticsManager]  [classpath] /Users/albertorodriguez/.gradle/caches/modules-2/files-2.1/org.springframework/spring-test/5.3.9/62d85d0b20318bd036fe2a78e2de96026bacc916/spring-test-5.3.9.jar
2021-09-01 14:54:42.300+0000 INFO  [o.n.k.i.DiagnosticsManager]  [classpath] /Users/albertorodriguez/Projects/SAFA/bend/build/resources/main
2021-09-01 14:54:42.300+0000 INFO  [o.n.k.i.DiagnosticsManager]  [classpath] /Users/albertorodriguez/.gradle/caches/modules-2/files-2.1/org.scala-lang/scala-library/2.11.7/f75e7acabd57b213d6f61483240286c07213ec0e/scala-library-2.11.7.jar
2021-09-01 14:54:42.300+0000 INFO  [o.n.k.i.DiagnosticsManager]  [classpath] /Users/albertorodriguez/.gradle/caches/modules-2/files-2.1/com.google.api-client/google-api-client/1.32.1/3e216f54e59e3c6f01bc52beeeed9010724e0edf/google-api-client-1.32.1.jar
2021-09-01 14:54:42.300+0000 INFO  [o.n.k.i.DiagnosticsManager]  [classpath] /Users/albertorodriguez/.gradle/caches/modules-2/files-2.1/org.ow2.asm/asm-tree/9.2/d96c99a30f5e1a19b0e609dbb19a44d8518ac01e/asm-tree-9.2.jar
2021-09-01 14:54:42.300+0000 INFO  [o.n.k.i.DiagnosticsManager]  [classpath] /Users/albertorodriguez/.gradle/caches/modules-2/files-2.1/org.ow2.asm/asm/9.2/81a03f76019c67362299c40e0ba13405f5467bff/asm-9.2.jar
2021-09-01 14:54:42.300+0000 INFO  [o.n.k.i.DiagnosticsManager]  [classpath] /Users/albertorodriguez/.gradle/caches/modules-2/files-2.1/org.neo4j.app/neo4j-server/2.3.3/d04244fb8324fbbd6c35b6607caca6dbf301947c/neo4j-server-2.3.3.jar
2021-09-01 14:54:42.300+0000 INFO  [o.n.k.i.DiagnosticsManager]  [classpath] /Users/albertorodriguez/.gradle/caches/modules-2/files-2.1/org.springframework/spring-context/5.3.9/887f4579ade4f47cf0102856f4f4c88eda8ec9d7/spring-context-5.3.9.jar
2021-09-01 14:54:42.300+0000 INFO  [o.n.k.i.DiagnosticsManager]  [classpath] /Users/albertorodriguez/.gradle/caches/modules-2/files-2.1/com.github.jnr/jnr-enxio/0.32.6/7c7b696a69ad66da716760c101f22e2eabb142a4/jnr-enxio-0.32.6.jar
2021-09-01 14:54:42.300+0000 INFO  [o.n.k.i.DiagnosticsManager]  [classpath] /Users/albertorodriguez/.gradle/caches/modules-2/files-2.1/org.json/json/20210307/528c8df3757e8bcf151817b1d7b9b434f6aa08d5/json-20210307.jar
2021-09-01 14:54:42.300+0000 INFO  [o.n.k.i.DiagnosticsManager]  [classpath] /Users/albertorodriguez/.gradle/caches/modules-2/files-2.1/org.neo4j/neo4j-kernel/2.3.3/3db0289f965657a627ae3c3a299728990078e34a/neo4j-kernel-2.3.3.jar
2021-09-01 14:54:42.300+0000 INFO  [o.n.k.i.DiagnosticsManager]  [classpath] /Users/albertorodriguez/Projects/SAFA/bend/build/classes/java/test
2021-09-01 14:54:42.300+0000 INFO  [o.n.k.i.DiagnosticsManager]  [classpath] /Users/albertorodriguez/.gradle/caches/modules-2/files-2.1/com.jcraft/jzlib/1.1.1/a1551373315ffc2f96130a0e5704f74e151777ba/jzlib-1.1.1.jar
2021-09-01 14:54:42.300+0000 INFO  [o.n.k.i.DiagnosticsManager]  [classpath] /Users/albertorodriguez/.gradle/caches/modules-2/files-2.1/com.github.v-ladynev/fluent-hibernate-core/0.3.1/f36b08c0ed6119bb8574193f3b6b06c9d0d1ae2e/fluent-hibernate-core-0.3.1.jar
2021-09-01 14:54:42.300+0000 INFO  [o.n.k.i.DiagnosticsManager]  [classpath] /Users/albertorodriguez/.gradle/caches/modules-2/files-2.1/com.google.auto.value/auto-value-annotations/1.8.1/174878f9cc9cbacb8b464d774afb2ccf938f257b/auto-value-annotations-1.8.1.jar
2021-09-01 14:54:42.300+0000 INFO  [o.n.k.i.DiagnosticsManager]  [classpath] /Users/albertorodriguez/.gradle/caches/modules-2/files-2.1/com.googlecode.lambdaj/lambdaj/2.3.3/7dee2fb62ef89f1bd5ccaf3c8628f61f80b22054/lambdaj-2.3.3.jar
2021-09-01 14:54:42.300+0000 INFO  [o.n.k.i.DiagnosticsManager]  [classpath] /Users/albertorodriguez/.gradle/caches/modules-2/files-2.1/com.google.http-client/google-http-client-jackson2/1.39.2-sp.1/566428d9fe82213a4d2a0ad7a6e0f230c2a59952/google-http-client-jackson2-1.39.2-sp.1.jar
2021-09-01 14:54:42.300+0000 INFO  [o.n.k.i.DiagnosticsManager]  [classpath] /Users/albertorodriguez/.gradle/caches/modules-2/files-2.1/org.neo4j/neo4j/2.3.3/15c63d41a2f070ef94c53a3fb7eb98b87d3abc8d/neo4j-2.3.3.pom
2021-09-01 14:54:42.300+0000 INFO  [o.n.k.i.DiagnosticsManager]  [classpath] /Users/albertorodriguez/.gradle/caches/modules-2/files-2.1/org.scala-lang/scala-reflect/2.11.7/bf1649c9d33da945dea502180855b56caf06288c/scala-reflect-2.11.7.jar
2021-09-01 14:54:42.300+0000 INFO  [o.n.k.i.DiagnosticsManager] Library path:
2021-09-01 14:54:42.300+0000 INFO  [o.n.k.i.DiagnosticsManager] /Users/albertorodriguez/Library/Java/Extensions
2021-09-01 14:54:42.301+0000 INFO  [o.n.k.i.DiagnosticsManager] /Library/Java/Extensions
2021-09-01 14:54:42.301+0000 INFO  [o.n.k.i.DiagnosticsManager] /Network/Library/Java/Extensions
2021-09-01 14:54:42.301+0000 INFO  [o.n.k.i.DiagnosticsManager] /System/Library/Java/Extensions
2021-09-01 14:54:42.301+0000 INFO  [o.n.k.i.DiagnosticsManager] /usr/lib/java
2021-09-01 14:54:42.301+0000 INFO  [o.n.k.i.DiagnosticsManager] /Users/albertorodriguez/Projects/SAFA/bend
2021-09-01 14:54:42.301+0000 INFO  [o.n.k.i.DiagnosticsManager] System.properties:
2021-09-01 14:54:42.301+0000 INFO  [o.n.k.i.DiagnosticsManager] gopherProxySet = false
2021-09-01 14:54:42.301+0000 INFO  [o.n.k.i.DiagnosticsManager] awt.toolkit = sun.lwawt.macosx.LWCToolkit
2021-09-01 14:54:42.301+0000 INFO  [o.n.k.i.DiagnosticsManager] sun.cpu.isalist = 
2021-09-01 14:54:42.301+0000 INFO  [o.n.k.i.DiagnosticsManager] sun.jnu.encoding = UTF-8
2021-09-01 14:54:42.301+0000 INFO  [o.n.k.i.DiagnosticsManager] org.gradle.test.worker = 48
2021-09-01 14:54:42.301+0000 INFO  [o.n.k.i.DiagnosticsManager] sun.arch.data.model = 64
2021-09-01 14:54:42.301+0000 INFO  [o.n.k.i.DiagnosticsManager] user.variant = 
2021-09-01 14:54:42.301+0000 INFO  [o.n.k.i.DiagnosticsManager] user.timezone = America/Indiana/Indianapolis
2021-09-01 14:54:42.301+0000 INFO  [o.n.k.i.DiagnosticsManager] user.country = US
2021-09-01 14:54:42.301+0000 INFO  [o.n.k.i.DiagnosticsManager] sun.java.launcher = SUN_STANDARD
2021-09-01 14:54:42.301+0000 INFO  [o.n.k.i.DiagnosticsManager] sun.boot.library.path = /Library/Java/JavaVirtualMachines/jdk-11.0.10.jdk/Contents/Home/lib
2021-09-01 14:54:42.301+0000 INFO  [o.n.k.i.DiagnosticsManager] sun.java.command = worker.org.gradle.process.internal.worker.GradleWorkerMain 'Gradle Test Executor 48'
2021-09-01 14:54:42.301+0000 INFO  [o.n.k.i.DiagnosticsManager] http.nonProxyHosts = local|*.local|169.254/16|*.169.254/16
2021-09-01 14:54:42.301+0000 INFO  [o.n.k.i.DiagnosticsManager] jdk.debug = release
2021-09-01 14:54:42.301+0000 INFO  [o.n.k.i.DiagnosticsManager] sun.cpu.endian = little
2021-09-01 14:54:42.301+0000 INFO  [o.n.k.i.DiagnosticsManager] user.home = /Users/albertorodriguez
2021-09-01 14:54:42.301+0000 INFO  [o.n.k.i.DiagnosticsManager] user.language = en
2021-09-01 14:54:42.301+0000 INFO  [o.n.k.i.DiagnosticsManager] org.gradle.native = false
2021-09-01 14:54:42.301+0000 INFO  [o.n.k.i.DiagnosticsManager] file.separator = /
2021-09-01 14:54:42.301+0000 INFO  [o.n.k.i.DiagnosticsManager] sun.management.compiler = HotSpot 64-Bit Tiered Compilers
2021-09-01 14:54:42.301+0000 INFO  [o.n.k.i.DiagnosticsManager] ftp.nonProxyHosts = local|*.local|169.254/16|*.169.254/16
2021-09-01 14:54:42.301+0000 INFO  [o.n.k.i.DiagnosticsManager] user.name = albertorodriguez
2021-09-01 14:54:42.301+0000 INFO  [o.n.k.i.DiagnosticsManager] path.separator = :
2021-09-01 14:54:42.301+0000 INFO  [o.n.k.i.DiagnosticsManager] file.encoding = UTF-8
2021-09-01 14:54:42.301+0000 INFO  [o.n.k.i.DiagnosticsManager] user.dir = /Users/albertorodriguez/Projects/SAFA/bend
2021-09-01 14:54:42.301+0000 INFO  [o.n.k.i.DiagnosticsManager] sun.os.patch.level = unknown
2021-09-01 14:54:42.301+0000 INFO  [o.n.k.i.DiagnosticsManager] sun.io.unicode.encoding = UnicodeBig
2021-09-01 14:54:42.301+0000 INFO  [o.n.k.i.DiagnosticsManager] socksNonProxyHosts = local|*.local|169.254/16|*.169.254/16
2021-09-01 14:54:42.301+0000 INFO  [o.n.k.i.DiagnosticsManager] Network information:
2021-09-01 14:54:42.306+0000 INFO  [o.n.k.i.DiagnosticsManager] Interface utun3:
2021-09-01 14:54:42.307+0000 INFO  [o.n.k.i.DiagnosticsManager]     address: fe80:0:0:0:37f:29b:9caf:1e9d%utun3
2021-09-01 14:54:42.307+0000 INFO  [o.n.k.i.DiagnosticsManager] Interface utun2:
2021-09-01 14:54:42.307+0000 INFO  [o.n.k.i.DiagnosticsManager]     address: fe80:0:0:0:1693:5faf:e7cd:9ef0%utun2
2021-09-01 14:54:42.307+0000 INFO  [o.n.k.i.DiagnosticsManager] Interface utun1:
2021-09-01 14:54:42.307+0000 INFO  [o.n.k.i.DiagnosticsManager]     address: fe80:0:0:0:d682:3385:ebe6:b671%utun1
2021-09-01 14:54:42.307+0000 INFO  [o.n.k.i.DiagnosticsManager] Interface utun0:
2021-09-01 14:54:42.307+0000 INFO  [o.n.k.i.DiagnosticsManager]     address: fe80:0:0:0:1a47:2b57:1a29:4a02%utun0
2021-09-01 14:54:42.307+0000 INFO  [o.n.k.i.DiagnosticsManager] Interface llw0:
2021-09-01 14:54:42.307+0000 INFO  [o.n.k.i.DiagnosticsManager]     address: fe80:0:0:0:24ba:21ff:fe29:9c39%llw0
2021-09-01 14:54:42.307+0000 INFO  [o.n.k.i.DiagnosticsManager] Interface awdl0:
2021-09-01 14:54:42.307+0000 INFO  [o.n.k.i.DiagnosticsManager]     address: fe80:0:0:0:24ba:21ff:fe29:9c39%awdl0
2021-09-01 14:54:42.307+0000 INFO  [o.n.k.i.DiagnosticsManager] Interface en5:
2021-09-01 14:54:42.307+0000 INFO  [o.n.k.i.DiagnosticsManager]     address: fe80:0:0:0:aede:48ff:fe00:1122%en5
2021-09-01 14:54:42.307+0000 INFO  [o.n.k.i.DiagnosticsManager] Interface en0:
2021-09-01 14:54:42.307+0000 INFO  [o.n.k.i.DiagnosticsManager]     address: fe80:0:0:0:4f:b2fb:74bc:7eca%en0
2021-09-01 14:54:42.307+0000 INFO  [o.n.k.i.DiagnosticsManager]     address: 10.31.165.69
2021-09-01 14:54:42.307+0000 INFO  [o.n.k.i.DiagnosticsManager] Interface lo0:
2021-09-01 14:54:42.307+0000 INFO  [o.n.k.i.DiagnosticsManager]     address: fe80:0:0:0:0:0:0:1%lo0
2021-09-01 14:54:42.307+0000 INFO  [o.n.k.i.DiagnosticsManager]     address: 0:0:0:0:0:0:0:1%lo0
2021-09-01 14:54:42.307+0000 INFO  [o.n.k.i.DiagnosticsManager]     address: 127.0.0.1
2021-09-01 14:54:42.307+0000 INFO  [o.n.k.i.DiagnosticsManager] --- INITIALIZED diagnostics END ---
2021-09-01 14:54:44.106+0000 INFO  [o.n.k.a.i.i.LuceneLabelScanStore] No lucene scan store index found, this might just be first use. Preparing to rebuild.
2021-09-01 14:54:44.196+0000 INFO  [o.n.k.NeoStoreDataSource] Opened logical log [/Users/albertorodriguez/Projects/SAFA/bend/target/neo4j-temp/neostore.transaction.db.0] version=0, lastTxId=1 (clean)
2021-09-01 14:54:44.206+0000 WARN  [o.n.k.i.s.MetaDataStore] Missing counts store, rebuilding it.
2021-09-01 14:54:44.315+0000 INFO  [o.n.k.a.i.i.LuceneLabelScanStore] Rebuilding lucene scan store, this may take a while
2021-09-01 14:54:44.317+0000 INFO  [o.n.k.a.i.i.LuceneLabelScanStore] Lucene scan store rebuilt (roughly -1 nodes)
2021-09-01 14:54:44.324+0000 INFO  [o.n.k.KernelHealth] Kernel health set to OK
2021-09-01 14:54:44.691+0000 INFO  [o.n.k.AvailabilityGuard] Fulfilling of requirement makes database available: Database available
2021-09-01 14:54:44.692+0000 INFO  [o.n.k.i.f.CommunityFacadeFactory] Database is now ready
2021-09-01 14:54:44.693+0000 INFO  [o.n.k.i.DiagnosticsManager] --- STARTED diagnostics for KernelDiagnostics:Versions START ---
2021-09-01 14:54:44.693+0000 INFO  [o.n.k.i.DiagnosticsManager] Graph Database: Community StoreId{creationTime=1630508083852, randomId=3389678076748060564, storeVersion=15250506225055238, upgradeTime=1630508083852, upgradeId=1}
2021-09-01 14:54:44.693+0000 INFO  [o.n.k.i.DiagnosticsManager] Kernel version: 2.3.3,4623254
2021-09-01 14:54:44.693+0000 INFO  [o.n.k.i.DiagnosticsManager] --- STARTED diagnostics for KernelDiagnostics:Versions END ---
2021-09-01 14:54:44.695+0000 INFO  [o.n.k.i.DiagnosticsManager] --- STARTED diagnostics for NEO_STORE_VERSIONS START ---
2021-09-01 14:54:44.695+0000 INFO  [o.n.k.i.DiagnosticsManager] Store versions:
2021-09-01 14:54:44.695+0000 INFO  [o.n.k.i.DiagnosticsManager] Store versions:
2021-09-01 14:54:44.695+0000 INFO  [o.n.k.i.DiagnosticsManager] ArrayPropertyStore v0.A.6
2021-09-01 14:54:44.696+0000 INFO  [o.n.k.i.DiagnosticsManager] NodeStore v0.A.6
2021-09-01 14:54:44.696+0000 INFO  [o.n.k.i.DiagnosticsManager] StringPropertyStore v0.A.6
2021-09-01 14:54:44.696+0000 INFO  [o.n.k.i.DiagnosticsManager] PropertyIndexStore v0.A.6
2021-09-01 14:54:44.696+0000 INFO  [o.n.k.i.DiagnosticsManager] StringPropertyStore v0.A.6
2021-09-01 14:54:44.696+0000 INFO  [o.n.k.i.DiagnosticsManager] ArrayPropertyStore v0.A.6
2021-09-01 14:54:44.696+0000 INFO  [o.n.k.i.DiagnosticsManager] PropertyStore v0.A.6
2021-09-01 14:54:44.696+0000 INFO  [o.n.k.i.DiagnosticsManager] RelationshipStore v0.A.6
2021-09-01 14:54:44.696+0000 INFO  [o.n.k.i.DiagnosticsManager] StringPropertyStore v0.A.6
2021-09-01 14:54:44.696+0000 INFO  [o.n.k.i.DiagnosticsManager] RelationshipTypeStore v0.A.6
2021-09-01 14:54:44.696+0000 INFO  [o.n.k.i.DiagnosticsManager] StringPropertyStore v0.A.6
2021-09-01 14:54:44.696+0000 INFO  [o.n.k.i.DiagnosticsManager] LabelTokenStore v0.A.6
2021-09-01 14:54:44.696+0000 INFO  [o.n.k.i.DiagnosticsManager] SchemaStore v0.A.6
2021-09-01 14:54:44.696+0000 INFO  [o.n.k.i.DiagnosticsManager] RelationshipGroupStore v0.A.6
2021-09-01 14:54:44.696+0000 INFO  [o.n.k.i.DiagnosticsManager] NeoStore v0.A.6
2021-09-01 14:54:44.696+0000 INFO  [o.n.k.i.DiagnosticsManager] --- STARTED diagnostics for NEO_STORE_VERSIONS END ---
2021-09-01 14:54:44.696+0000 INFO  [o.n.k.i.DiagnosticsManager] --- STARTED diagnostics for NEO_STORE_ID_USAGE START ---
2021-09-01 14:54:44.696+0000 INFO  [o.n.k.i.DiagnosticsManager] Id usage:
2021-09-01 14:54:44.696+0000 INFO  [o.n.k.i.DiagnosticsManager] Id usage:
2021-09-01 14:54:44.696+0000 INFO  [o.n.k.i.DiagnosticsManager]   ArrayPropertyStore v0.A.6: used=1 high=0
2021-09-01 14:54:44.696+0000 INFO  [o.n.k.i.DiagnosticsManager]   NodeStore v0.A.6: used=0 high=-1
2021-09-01 14:54:44.697+0000 INFO  [o.n.k.i.DiagnosticsManager]   StringPropertyStore v0.A.6: used=1 high=0
2021-09-01 14:54:44.697+0000 INFO  [o.n.k.i.DiagnosticsManager]   PropertyIndexStore v0.A.6: used=0 high=-1
2021-09-01 14:54:44.697+0000 INFO  [o.n.k.i.DiagnosticsManager]   StringPropertyStore v0.A.6: used=1 high=0
2021-09-01 14:54:44.697+0000 INFO  [o.n.k.i.DiagnosticsManager]   ArrayPropertyStore v0.A.6: used=1 high=0
2021-09-01 14:54:44.697+0000 INFO  [o.n.k.i.DiagnosticsManager]   PropertyStore v0.A.6: used=0 high=-1
2021-09-01 14:54:44.697+0000 INFO  [o.n.k.i.DiagnosticsManager]   RelationshipStore v0.A.6: used=0 high=-1
2021-09-01 14:54:44.697+0000 INFO  [o.n.k.i.DiagnosticsManager]   StringPropertyStore v0.A.6: used=1 high=0
2021-09-01 14:54:44.697+0000 INFO  [o.n.k.i.DiagnosticsManager]   RelationshipTypeStore v0.A.6: used=0 high=-1
2021-09-01 14:54:44.697+0000 INFO  [o.n.k.i.DiagnosticsManager]   StringPropertyStore v0.A.6: used=1 high=0
2021-09-01 14:54:44.697+0000 INFO  [o.n.k.i.DiagnosticsManager]   LabelTokenStore v0.A.6: used=0 high=-1
2021-09-01 14:54:44.697+0000 INFO  [o.n.k.i.DiagnosticsManager]   SchemaStore v0.A.6: used=1 high=0
2021-09-01 14:54:44.697+0000 INFO  [o.n.k.i.DiagnosticsManager]   RelationshipGroupStore v0.A.6: used=1 high=0
2021-09-01 14:54:44.697+0000 INFO  [o.n.k.i.DiagnosticsManager]   NeoStore v0.A.6: used=13 high=12
2021-09-01 14:54:44.698+0000 INFO  [o.n.k.i.DiagnosticsManager] --- STARTED diagnostics for NEO_STORE_ID_USAGE END ---
2021-09-01 14:54:44.698+0000 INFO  [o.n.k.i.DiagnosticsManager] --- STARTED diagnostics for NEO_STORE_RECORDS START ---
2021-09-01 14:54:44.698+0000 INFO  [o.n.k.i.DiagnosticsManager] Neostore records:
2021-09-01 14:54:44.698+0000 INFO  [o.n.k.i.DiagnosticsManager] TIME (Creation time): 1630508083852
2021-09-01 14:54:44.698+0000 INFO  [o.n.k.i.DiagnosticsManager] RANDOM_NUMBER (Random number for store id): 3389678076748060564
2021-09-01 14:54:44.698+0000 INFO  [o.n.k.i.DiagnosticsManager] LOG_VERSION (Current log version): 0
2021-09-01 14:54:44.698+0000 INFO  [o.n.k.i.DiagnosticsManager] LAST_TRANSACTION_ID (Last committed transaction): 1
2021-09-01 14:54:44.698+0000 INFO  [o.n.k.i.DiagnosticsManager] STORE_VERSION (Store format version): 15250506225055238
2021-09-01 14:54:44.698+0000 INFO  [o.n.k.i.DiagnosticsManager] FIRST_GRAPH_PROPERTY (First property record containing graph properties): -1
2021-09-01 14:54:44.698+0000 INFO  [o.n.k.i.DiagnosticsManager] LAST_CONSTRAINT_TRANSACTION (Last committed transaction containing constraint changes): 0
2021-09-01 14:54:44.698+0000 INFO  [o.n.k.i.DiagnosticsManager] UPGRADE_TRANSACTION_ID (Transaction id most recent upgrade was performed at): 1
2021-09-01 14:54:44.699+0000 INFO  [o.n.k.i.DiagnosticsManager] UPGRADE_TIME (Time of last upgrade): 1630508083852
2021-09-01 14:54:44.699+0000 INFO  [o.n.k.i.DiagnosticsManager] LAST_TRANSACTION_CHECKSUM (Checksum of last committed transaction): 0
2021-09-01 14:54:44.699+0000 INFO  [o.n.k.i.DiagnosticsManager] UPGRADE_TRANSACTION_CHECKSUM (Checksum of transaction id the most recent upgrade was performed at): 0
2021-09-01 14:54:44.699+0000 INFO  [o.n.k.i.DiagnosticsManager] LAST_CLOSED_TRANSACTION_LOG_VERSION (Log version where the last transaction commit entry has been written into): 0
2021-09-01 14:54:44.699+0000 INFO  [o.n.k.i.DiagnosticsManager] LAST_CLOSED_TRANSACTION_LOG_BYTE_OFFSET (Byte offset in the log file where the last transaction commit entry has been written into): 16
2021-09-01 14:54:44.699+0000 INFO  [o.n.k.i.DiagnosticsManager] --- STARTED diagnostics for NEO_STORE_RECORDS END ---
2021-09-01 14:54:44.699+0000 INFO  [o.n.k.i.DiagnosticsManager] --- STARTED diagnostics for TRANSACTION_RANGE START ---
2021-09-01 14:54:44.699+0000 INFO  [o.n.k.i.DiagnosticsManager] Transaction log:
2021-09-01 14:54:44.699+0000 INFO  [o.n.k.i.DiagnosticsManager] No transactions found in any log
2021-09-01 14:54:44.699+0000 INFO  [o.n.k.i.DiagnosticsManager] --- STARTED diagnostics for TRANSACTION_RANGE END ---
2021-09-01 14:54:44.700+0000 INFO  [o.n.k.i.DiagnosticsManager] --- STARTED diagnostics for KernelDiagnostics:StoreFiles START ---
2021-09-01 14:54:44.700+0000 INFO  [o.n.k.i.DiagnosticsManager] Disk space on partition (Total / Free / Free %): 1000240963584 / 413770596352 / 41
Storage files: (filename : modification date - size)
2021-09-01 14:54:44.701+0000 INFO  [o.n.k.i.DiagnosticsManager]   index:
2021-09-01 14:54:44.701+0000 INFO  [o.n.k.i.DiagnosticsManager]   - Total: 2021-09-01T10:54:44-0400 - 0.00 B
2021-09-01 14:54:44.701+0000 INFO  [o.n.k.i.DiagnosticsManager]   messages.log: 2021-09-01T10:54:44-0400 - 76.50 kB
2021-09-01 14:54:44.701+0000 INFO  [o.n.k.i.DiagnosticsManager]   neostore: 2021-09-01T10:54:43-0400 - 8.00 kB
2021-09-01 14:54:44.701+0000 INFO  [o.n.k.i.DiagnosticsManager]   neostore.counts.db.a: 2021-09-01T10:54:44-0400 - 96.00 B
2021-09-01 14:54:44.702+0000 INFO  [o.n.k.i.DiagnosticsManager]   neostore.id: 2021-09-01T10:54:43-0400 - 9.00 B
2021-09-01 14:54:44.702+0000 INFO  [o.n.k.i.DiagnosticsManager]   neostore.labeltokenstore.db: 2021-09-01T10:54:43-0400 - 0.00 B
2021-09-01 14:54:44.702+0000 INFO  [o.n.k.i.DiagnosticsManager]   neostore.labeltokenstore.db.id: 2021-09-01T10:54:43-0400 - 9.00 B
2021-09-01 14:54:44.702+0000 INFO  [o.n.k.i.DiagnosticsManager]   neostore.labeltokenstore.db.names: 2021-09-01T10:54:43-0400 - 8.00 kB
2021-09-01 14:54:44.702+0000 INFO  [o.n.k.i.DiagnosticsManager]   neostore.labeltokenstore.db.names.id: 2021-09-01T10:54:43-0400 - 9.00 B
2021-09-01 14:54:44.702+0000 INFO  [o.n.k.i.DiagnosticsManager]   neostore.nodestore.db: 2021-09-01T10:54:42-0400 - 0.00 B
2021-09-01 14:54:44.702+0000 INFO  [o.n.k.i.DiagnosticsManager]   neostore.nodestore.db.id: 2021-09-01T10:54:42-0400 - 9.00 B
2021-09-01 14:54:44.702+0000 INFO  [o.n.k.i.DiagnosticsManager]   neostore.nodestore.db.labels: 2021-09-01T10:54:42-0400 - 8.00 kB
2021-09-01 14:54:44.702+0000 INFO  [o.n.k.i.DiagnosticsManager]   neostore.nodestore.db.labels.id: 2021-09-01T10:54:42-0400 - 9.00 B
2021-09-01 14:54:44.703+0000 INFO  [o.n.k.i.DiagnosticsManager]   neostore.propertystore.db: 2021-09-01T10:54:43-0400 - 0.00 B
2021-09-01 14:54:44.703+0000 INFO  [o.n.k.i.DiagnosticsManager]   neostore.propertystore.db.arrays: 2021-09-01T10:54:43-0400 - 8.00 kB
2021-09-01 14:54:44.703+0000 INFO  [o.n.k.i.DiagnosticsManager]   neostore.propertystore.db.arrays.id: 2021-09-01T10:54:43-0400 - 9.00 B
2021-09-01 14:54:44.703+0000 INFO  [o.n.k.i.DiagnosticsManager]   neostore.propertystore.db.id: 2021-09-01T10:54:43-0400 - 9.00 B
2021-09-01 14:54:44.703+0000 INFO  [o.n.k.i.DiagnosticsManager]   neostore.propertystore.db.index: 2021-09-01T10:54:42-0400 - 0.00 B
2021-09-01 14:54:44.703+0000 INFO  [o.n.k.i.DiagnosticsManager]   neostore.propertystore.db.index.id: 2021-09-01T10:54:42-0400 - 9.00 B
2021-09-01 14:54:44.703+0000 INFO  [o.n.k.i.DiagnosticsManager]   neostore.propertystore.db.index.keys: 2021-09-01T10:54:42-0400 - 8.00 kB
2021-09-01 14:54:44.703+0000 INFO  [o.n.k.i.DiagnosticsManager]   neostore.propertystore.db.index.keys.id: 2021-09-01T10:54:42-0400 - 9.00 B
2021-09-01 14:54:44.703+0000 INFO  [o.n.k.i.DiagnosticsManager]   neostore.propertystore.db.strings: 2021-09-01T10:54:42-0400 - 8.00 kB
2021-09-01 14:54:44.704+0000 INFO  [o.n.k.i.DiagnosticsManager]   neostore.propertystore.db.strings.id: 2021-09-01T10:54:42-0400 - 9.00 B
2021-09-01 14:54:44.704+0000 INFO  [o.n.k.i.DiagnosticsManager]   neostore.relationshipgroupstore.db: 2021-09-01T10:54:43-0400 - 8.00 kB
2021-09-01 14:54:44.704+0000 INFO  [o.n.k.i.DiagnosticsManager]   neostore.relationshipgroupstore.db.id: 2021-09-01T10:54:43-0400 - 9.00 B
2021-09-01 14:54:44.704+0000 INFO  [o.n.k.i.DiagnosticsManager]   neostore.relationshipstore.db: 2021-09-01T10:54:43-0400 - 0.00 B
2021-09-01 14:54:44.704+0000 INFO  [o.n.k.i.DiagnosticsManager]   neostore.relationshipstore.db.id: 2021-09-01T10:54:43-0400 - 9.00 B
2021-09-01 14:54:44.704+0000 INFO  [o.n.k.i.DiagnosticsManager]   neostore.relationshiptypestore.db: 2021-09-01T10:54:43-0400 - 0.00 B
2021-09-01 14:54:44.704+0000 INFO  [o.n.k.i.DiagnosticsManager]   neostore.relationshiptypestore.db.id: 2021-09-01T10:54:43-0400 - 9.00 B
2021-09-01 14:54:44.704+0000 INFO  [o.n.k.i.DiagnosticsManager]   neostore.relationshiptypestore.db.names: 2021-09-01T10:54:43-0400 - 8.00 kB
2021-09-01 14:54:44.704+0000 INFO  [o.n.k.i.DiagnosticsManager]   neostore.relationshiptypestore.db.names.id: 2021-09-01T10:54:43-0400 - 9.00 B
2021-09-01 14:54:44.705+0000 INFO  [o.n.k.i.DiagnosticsManager]   neostore.schemastore.db: 2021-09-01T10:54:43-0400 - 8.00 kB
2021-09-01 14:54:44.705+0000 INFO  [o.n.k.i.DiagnosticsManager]   neostore.schemastore.db.id: 2021-09-01T10:54:43-0400 - 9.00 B
2021-09-01 14:54:44.705+0000 INFO  [o.n.k.i.DiagnosticsManager]   neostore.transaction.db.0: 2021-09-01T10:54:44-0400 - 16.00 B
2021-09-01 14:54:44.705+0000 INFO  [o.n.k.i.DiagnosticsManager]   schema:
2021-09-01 14:54:44.705+0000 INFO  [o.n.k.i.DiagnosticsManager]     label:
2021-09-01 14:54:44.705+0000 INFO  [o.n.k.i.DiagnosticsManager]       lucene:
2021-09-01 14:54:44.705+0000 INFO  [o.n.k.i.DiagnosticsManager]         write.lock: 2021-09-01T10:54:44-0400 - 0.00 B
2021-09-01 14:54:44.705+0000 INFO  [o.n.k.i.DiagnosticsManager]       - Total: 2021-09-01T10:54:44-0400 - 0.00 B
2021-09-01 14:54:44.705+0000 INFO  [o.n.k.i.DiagnosticsManager]     - Total: 2021-09-01T10:54:44-0400 - 0.00 B
2021-09-01 14:54:44.705+0000 INFO  [o.n.k.i.DiagnosticsManager]   - Total: 2021-09-01T10:54:44-0400 - 0.00 B
2021-09-01 14:54:44.706+0000 INFO  [o.n.k.i.DiagnosticsManager]   store_lock: 2021-09-01T10:54:42-0400 - 0.00 B
2021-09-01 14:54:44.706+0000 INFO  [o.n.k.i.DiagnosticsManager] --- STARTED diagnostics for KernelDiagnostics:StoreFiles END ---
